




node "C:\modyfing\apiprj\jbbot\zmng/libx/callFun.js" readFileSyncx __rootdir__/head.htm
cmd ret true str=>

<nav aria-label="breadcrumb">
  <ol class="breadcrumb menu405">

    <li id="aIdx" class="breadcrumb-item0"><a href="index.html" target="_top"> 首页 </a></li>

    <li id="aSxf" style="" class="breadcrumb-item0"><a href="shangxiafen.htm">上下分管理</a></li>
    <li id="aUser" class="breadcrumb-item0"><a href="user.htm">玩家管理</a></li>
    <li id="aOplg" class="breadcrumb-item0"><a href="oplog.htm">日志</a></li>

  </ol>
</nav>





node "C:\modyfing\apiprj\jbbot\zmng/libx/callFun.js" readFileSyncx __USERPROFILE__%2Flgky.json
cmd ret true str=>
{
  "agtid": "111356",
  "descode": "26916DD661300B25",
  "md5key": "1BC0036763DE22EC",
  "lgky": "111356,26916DD661300B25,1BC0036763DE22EC"
}





node "C:\modyfing\apiprj\jbbot\zmng/libx/callFun.js" readFileSyncx __USERPROFILE__%2Flgky.json
cmd ret true str=>
{
  "agtid": "111356",
  "descode": "26916DD661300B25",
  "md5key": "1BC0036763DE22EC",
  "lgky": "111356,26916DD661300B25,1BC0036763DE22EC"
}





node "C:\modyfing\apiprj\jbbot\zmng/libx/callFun.js" readFileSyncx __USERPROFILE__%2Flgky.json
cmd ret true str=>
{
  "agtid": "111356",
  "descode": "26916DD661300B25",
  "md5key": "1BC0036763DE22EC",
  "lgky": "111356,26916DD661300B25,1BC0036763DE22EC"
}





node "C:\modyfing\apiprj\jbbot\zmng/libx/callFun.js" readFileSyncx __USERPROFILE__%2Flgky.json
cmd ret true str=>
{
  "agtid": "111356",
  "descode": "26916DD661300B25",
  "md5key": "1BC0036763DE22EC",
  "lgky": "111356,26916DD661300B25,1BC0036763DE22EC"
}





node "C:\modyfing\apiprj\jbbot\zmng/libx/callFun.js" readFileSyncx __USERPROFILE__%2Flgky.json
cmd ret true str=>
{
  "agtid": "111356",
  "descode": "26916DD661300B25",
  "md5key": "1BC0036763DE22EC",
  "lgky": "111356,26916DD661300B25,1BC0036763DE22EC"
}





node "C:\modyfing\apiprj\jbbot\zmng/libx/callFun.js" readFileSyncx __USERPROFILE__%2Flgky.json
cmd ret true str=>
{
  "agtid": "111356",
  "descode": "26916DD661300B25",
  "md5key": "1BC0036763DE22EC",
  "lgky": "111356,26916DD661300B25,1BC0036763DE22EC"
}





node "C:\modyfing\apiprj\jbbot\zmng/libx/callFun.js" readFileSyncx __USERPROFILE__%2Flgky.json
cmd ret true str=>
{
  "agtid": "111356",
  "descode": "26916DD661300B25",
  "md5key": "1BC0036763DE22EC",
  "lgky": "111356,26916DD661300B25,1BC0036763DE22EC"
}





node "C:\modyfing\apiprj\jbbot\zmng/libx/callFun.js" readFileSyncx __USERPROFILE__%2Flgky.json
cmd ret true str=>
{
  "agtid": "111356",
  "descode": "26916DD661300B25",
  "md5key": "1BC0036763DE22EC",
  "lgky": "111356,26916DD661300B25,1BC0036763DE22EC"
}





node "C:\modyfing\apiprj\jbbot\zmng/libx/callFun.js" buildUrlNgetV2 __empty__ 1694769384000 9
cmd ret true str=>
https://ng.mqbsx.com/GameHandle?agentid=111356&timestamp=1694769384000&type=9&paraValue=FR4CdgHYwwMueJUTrEQBZA%3D%3D&key=9a49f61e04e7708d247a0f3021142482
