2023-09-21 19:02:44 ERR e at:login{"0":"login","1":["111356111,26916DD661300B25,1BC0036763DE22EC"]}
2023-09-21 19:02:44 ERR {
  "maintype": "/GameHandle",
  "type": "ex",
  "data": {
    "code": -2
  },
  "errmsg": "未找到对应代理编号信息",
  "msg_to_ui": "未找到对应代理编号信息",
  "typex": "ret_data_ex"
}
2023-09-21 19:02:44 ERR unhandledRejection
2023-09-21 19:02:44 ERR {
  "stack": "ReferenceError: json_encode_Err is not defined\n    at callrmt (C:\\modyfing\\apiprj\\jbbot\\zmng\\libBiz\\callweb.js:124:13)\n    at process.processTicksAndRejections (node:internal/process/task_queues:95:5)",
  "msg": "json_encode_Err is not defined"
}
2023-09-21 19:02:53 ERR e at:login{"0":"login","1":["1113561242,26916DD661300B25,1BC0036763DE22EC"]}
2023-09-21 19:02:53 ERR {
  "maintype": "/GameHandle",
  "type": "ex",
  "data": {
    "code": -2
  },
  "errmsg": "未找到对应代理编号信息",
  "msg_to_ui": "未找到对应代理编号信息",
  "typex": "ret_data_ex"
}
2023-09-21 19:02:53 ERR unhandledRejection
2023-09-21 19:02:53 ERR {
  "stack": "ReferenceError: json_encode_Err is not defined\n    at callrmt (C:\\modyfing\\apiprj\\jbbot\\zmng\\libBiz\\callweb.js:124:13)\n    at process.processTicksAndRejections (node:internal/process/task_queues:95:5)",
  "msg": "json_encode_Err is not defined"
}
2023-09-21 19:08:21 ERR e at:login{"0":"login","1":["11135600,26916DD661300B25,1BC0036763DE22EC"]}
2023-09-21 19:08:21 ERR {
  "maintype": "/GameHandle",
  "type": "ex",
  "data": {
    "code": -2
  },
  "errmsg": "未找到对应代理编号信息",
  "msg_to_ui": "未找到对应代理编号信息",
  "typex": "ret_data_ex"
}
2023-09-21 19:08:21 ERR unhandledRejection
2023-09-21 19:08:21 ERR {
  "stack": "TypeError: Converting circular structure to JSON\n    --> starting at object with constructor 'Socket'\n    |     property 'parser' -> object with constructor 'HTTPParser'\n    --- property 'socket' closes the circle\n    at JSON.stringify (<anonymous>)\n    at callrmt (C:\\modyfing\\apiprj\\jbbot\\zmng\\libBiz\\callweb.js:127:24)\n    at process.processTicksAndRejections (node:internal/process/task_queues:95:5)",
  "msg": "Converting circular structure to JSON\n    --> starting at object with constructor 'Socket'\n    |     property 'parser' -> object with constructor 'HTTPParser'\n    --- property 'socket' closes the circle"
}
2023-09-21 19:08:58 ERR e at:login{"0":"login","1":["11135600,26916DD661300B25,1BC0036763DE22EC"]}
2023-09-21 19:08:58 ERR {
  "maintype": "/GameHandle",
  "type": "ex",
  "data": {
    "code": -2
  },
  "errmsg": "未找到对应代理编号信息",
  "msg_to_ui": "未找到对应代理编号信息",
  "typex": "ret_data_ex"
}
2023-09-21 19:08:58 ERR {
  "e": {
    "maintype": "/GameHandle",
    "type": "ex",
    "data": {
      "code": -2
    },
    "errmsg": "未找到对应代理编号信息",
    "msg_to_ui": "未找到对应代理编号信息",
    "typex": "ret_data_ex"
  },
  "funNargs": "*********=>callrmt[]"
}
2023-09-21 19:08:58 ERR unhandledRejection
2023-09-21 19:08:58 ERR {
  "stack": "ReferenceError: json_encode_Err is not defined\n    at callrmt (C:\\modyfing\\apiprj\\jbbot\\zmng\\libBiz\\callweb.js:132:13)\n    at process.processTicksAndRejections (node:internal/process/task_queues:95:5)",
  "msg": "json_encode_Err is not defined"
}
2023-09-21 19:09:01 ERR e at:login{"0":"login","1":["11135600,26916DD661300B25,1BC0036763DE22EC"]}
2023-09-21 19:09:01 ERR {
  "maintype": "/GameHandle",
  "type": "ex",
  "data": {
    "code": -2
  },
  "errmsg": "未找到对应代理编号信息",
  "msg_to_ui": "未找到对应代理编号信息",
  "typex": "ret_data_ex"
}
2023-09-21 19:09:01 ERR {
  "e": {
    "maintype": "/GameHandle",
    "type": "ex",
    "data": {
      "code": -2
    },
    "errmsg": "未找到对应代理编号信息",
    "msg_to_ui": "未找到对应代理编号信息",
    "typex": "ret_data_ex"
  },
  "funNargs": "*********=>callrmt[]"
}
2023-09-21 19:09:01 ERR unhandledRejection
2023-09-21 19:09:01 ERR {
  "stack": "ReferenceError: json_encode_Err is not defined\n    at callrmt (C:\\modyfing\\apiprj\\jbbot\\zmng\\libBiz\\callweb.js:132:13)\n    at process.processTicksAndRejections (node:internal/process/task_queues:95:5)",
  "msg": "json_encode_Err is not defined"
}
2023-09-21 19:10:39 ERR e at:login{"0":"login","1":["11135600,26916DD661300B25,1BC0036763DE22EC"]}
2023-09-21 19:10:39 ERR {
  "maintype": "/GameHandle",
  "type": "ex",
  "data": {
    "code": -2
  },
  "errmsg": "未找到对应代理编号信息",
  "msg_to_ui": "未找到对应代理编号信息",
  "typex": "ret_data_ex"
}
2023-09-21 19:10:39 ERR {
  "e": {
    "maintype": "/GameHandle",
    "type": "ex",
    "data": {
      "code": -2
    },
    "errmsg": "未找到对应代理编号信息",
    "msg_to_ui": "未找到对应代理编号信息",
    "typex": "ret_data_ex"
  },
  "funNargs": "*********=>callrmt[]"
}
2023-09-21 19:10:39 ERR unhandledRejection
2023-09-21 19:10:39 ERR {
  "stack": "ReferenceError: json_encode_ErrRawErrObj is not defined\n    at callrmt (C:\\modyfing\\apiprj\\jbbot\\zmng\\libBiz\\callweb.js:132:13)\n    at process.processTicksAndRejections (node:internal/process/task_queues:95:5)",
  "msg": "json_encode_ErrRawErrObj is not defined"
}
2023-09-21 19:10:39 ERR e at:login{"0":"login","1":["11135600,26916DD661300B25,1BC0036763DE22EC"]}
2023-09-21 19:10:39 ERR {
  "maintype": "/GameHandle",
  "type": "ex",
  "data": {
    "code": -2
  },
  "errmsg": "未找到对应代理编号信息",
  "msg_to_ui": "未找到对应代理编号信息",
  "typex": "ret_data_ex"
}
2023-09-21 19:10:39 ERR {
  "e": {
    "maintype": "/GameHandle",
    "type": "ex",
    "data": {
      "code": -2
    },
    "errmsg": "未找到对应代理编号信息",
    "msg_to_ui": "未找到对应代理编号信息",
    "typex": "ret_data_ex"
  },
  "funNargs": "*********=>callrmt[]"
}
2023-09-21 19:10:39 ERR unhandledRejection
2023-09-21 19:10:39 ERR {
  "stack": "ReferenceError: json_encode_ErrRawErrObj is not defined\n    at callrmt (C:\\modyfing\\apiprj\\jbbot\\zmng\\libBiz\\callweb.js:132:13)\n    at process.processTicksAndRejections (node:internal/process/task_queues:95:5)",
  "msg": "json_encode_ErrRawErrObj is not defined"
}
2023-09-21 19:10:42 ERR e at:login{"0":"login","1":["11135600,26916DD661300B25,1BC0036763DE22EC"]}
2023-09-21 19:10:42 ERR {
  "maintype": "/GameHandle",
  "type": "ex",
  "data": {
    "code": -2
  },
  "errmsg": "未找到对应代理编号信息",
  "msg_to_ui": "未找到对应代理编号信息",
  "typex": "ret_data_ex"
}
2023-09-21 19:10:42 ERR {
  "e": {
    "maintype": "/GameHandle",
    "type": "ex",
    "data": {
      "code": -2
    },
    "errmsg": "未找到对应代理编号信息",
    "msg_to_ui": "未找到对应代理编号信息",
    "typex": "ret_data_ex"
  },
  "funNargs": "*********=>callrmt[]"
}
2023-09-21 19:10:42 ERR unhandledRejection
2023-09-21 19:10:42 ERR {
  "stack": "ReferenceError: json_encode_ErrRawErrObj is not defined\n    at callrmt (C:\\modyfing\\apiprj\\jbbot\\zmng\\libBiz\\callweb.js:132:13)\n    at process.processTicksAndRejections (node:internal/process/task_queues:95:5)",
  "msg": "json_encode_ErrRawErrObj is not defined"
}
2023-09-21 19:11:45 ERR e at:login{"0":"login","1":["11135600,26916DD661300B25,1BC0036763DE22EC"]}
2023-09-21 19:11:45 ERR {
  "maintype": "/GameHandle",
  "type": "ex",
  "data": {
    "code": -2
  },
  "errmsg": "未找到对应代理编号信息",
  "msg_to_ui": "未找到对应代理编号信息",
  "typex": "ret_data_ex"
}
2023-09-21 19:11:45 ERR {
  "e": {
    "maintype": "/GameHandle",
    "type": "ex",
    "data": {
      "code": -2
    },
    "errmsg": "未找到对应代理编号信息",
    "msg_to_ui": "未找到对应代理编号信息",
    "typex": "ret_data_ex"
  },
  "funNargs": "*********=>callrmt[]"
}
2023-09-21 19:11:45 ERR unhandledRejection
2023-09-21 19:11:45 ERR {
  "stack": "ReferenceError: json_encode_ErrRawErrObj is not defined\n    at callrmt (C:\\modyfing\\apiprj\\jbbot\\zmng\\libBiz\\callweb.js:132:13)\n    at process.processTicksAndRejections (node:internal/process/task_queues:95:5)",
  "msg": "json_encode_ErrRawErrObj is not defined"
}
2023-09-21 19:11:45 ERR e at:login{"0":"login","1":["11135600,26916DD661300B25,1BC0036763DE22EC"]}
2023-09-21 19:11:45 ERR {
  "maintype": "/GameHandle",
  "type": "ex",
  "data": {
    "code": -2
  },
  "errmsg": "未找到对应代理编号信息",
  "msg_to_ui": "未找到对应代理编号信息",
  "typex": "ret_data_ex"
}
2023-09-21 19:11:45 ERR {
  "e": {
    "maintype": "/GameHandle",
    "type": "ex",
    "data": {
      "code": -2
    },
    "errmsg": "未找到对应代理编号信息",
    "msg_to_ui": "未找到对应代理编号信息",
    "typex": "ret_data_ex"
  },
  "funNargs": "*********=>callrmt[]"
}
2023-09-21 19:11:45 ERR unhandledRejection
2023-09-21 19:11:45 ERR {
  "stack": "ReferenceError: json_encode_ErrRawErrObj is not defined\n    at callrmt (C:\\modyfing\\apiprj\\jbbot\\zmng\\libBiz\\callweb.js:132:13)\n    at process.processTicksAndRejections (node:internal/process/task_queues:95:5)",
  "msg": "json_encode_ErrRawErrObj is not defined"
}
2023-09-21 19:11:45 ERR e at:login{"0":"login","1":["11135600,26916DD661300B25,1BC0036763DE22EC"]}
2023-09-21 19:11:45 ERR {
  "maintype": "/GameHandle",
  "type": "ex",
  "data": {
    "code": -2
  },
  "errmsg": "未找到对应代理编号信息",
  "msg_to_ui": "未找到对应代理编号信息",
  "typex": "ret_data_ex"
}
2023-09-21 19:11:45 ERR {
  "e": {
    "maintype": "/GameHandle",
    "type": "ex",
    "data": {
      "code": -2
    },
    "errmsg": "未找到对应代理编号信息",
    "msg_to_ui": "未找到对应代理编号信息",
    "typex": "ret_data_ex"
  },
  "funNargs": "*********=>callrmt[]"
}
2023-09-21 19:11:45 ERR unhandledRejection
2023-09-21 19:11:45 ERR {
  "stack": "ReferenceError: json_encode_ErrRawErrObj is not defined\n    at callrmt (C:\\modyfing\\apiprj\\jbbot\\zmng\\libBiz\\callweb.js:132:13)\n    at process.processTicksAndRejections (node:internal/process/task_queues:95:5)",
  "msg": "json_encode_ErrRawErrObj is not defined"
}
2023-09-21 19:11:46 ERR e at:login{"0":"login","1":["11135600,26916DD661300B25,1BC0036763DE22EC"]}
2023-09-21 19:11:46 ERR {
  "maintype": "/GameHandle",
  "type": "ex",
  "data": {
    "code": -2
  },
  "errmsg": "未找到对应代理编号信息",
  "msg_to_ui": "未找到对应代理编号信息",
  "typex": "ret_data_ex"
}
2023-09-21 19:11:46 ERR {
  "e": {
    "maintype": "/GameHandle",
    "type": "ex",
    "data": {
      "code": -2
    },
    "errmsg": "未找到对应代理编号信息",
    "msg_to_ui": "未找到对应代理编号信息",
    "typex": "ret_data_ex"
  },
  "funNargs": "*********=>callrmt[]"
}
2023-09-21 19:11:46 ERR unhandledRejection
2023-09-21 19:11:46 ERR {
  "stack": "ReferenceError: json_encode_ErrRawErrObj is not defined\n    at callrmt (C:\\modyfing\\apiprj\\jbbot\\zmng\\libBiz\\callweb.js:132:13)\n    at process.processTicksAndRejections (node:internal/process/task_queues:95:5)",
  "msg": "json_encode_ErrRawErrObj is not defined"
}
2023-09-21 19:12:09 ERR e at:login{"0":"login","1":["11135600,26916DD661300B25,1BC0036763DE22EC"]}
2023-09-21 19:12:09 ERR {
  "maintype": "/GameHandle",
  "type": "ex",
  "data": {
    "code": -2
  },
  "errmsg": "未找到对应代理编号信息",
  "msg_to_ui": "未找到对应代理编号信息",
  "typex": "ret_data_ex"
}
2023-09-21 19:12:09 ERR {
  "e": {
    "maintype": "/GameHandle",
    "type": "ex",
    "data": {
      "code": -2
    },
    "errmsg": "未找到对应代理编号信息",
    "msg_to_ui": "未找到对应代理编号信息",
    "typex": "ret_data_ex"
  },
  "funNargs": "*********=>callrmt[]"
}
2023-09-21 19:12:09 ERR e at:login{"0":"login","1":["11135600,26916DD661300B25,1BC0036763DE22EC"]}
2023-09-21 19:12:09 ERR {
  "maintype": "/GameHandle",
  "type": "ex",
  "data": {
    "code": -2
  },
  "errmsg": "未找到对应代理编号信息",
  "msg_to_ui": "未找到对应代理编号信息",
  "typex": "ret_data_ex"
}
2023-09-21 19:12:09 ERR {
  "e": {
    "maintype": "/GameHandle",
    "type": "ex",
    "data": {
      "code": -2
    },
    "errmsg": "未找到对应代理编号信息",
    "msg_to_ui": "未找到对应代理编号信息",
    "typex": "ret_data_ex"
  },
  "funNargs": "*********=>callrmt[]"
}
2023-09-21 19:12:09 ERR e at:login{"0":"login","1":["11135600,26916DD661300B25,1BC0036763DE22EC"]}
2023-09-21 19:12:09 ERR {
  "maintype": "/GameHandle",
  "type": "ex",
  "data": {
    "code": -2
  },
  "errmsg": "未找到对应代理编号信息",
  "msg_to_ui": "未找到对应代理编号信息",
  "typex": "ret_data_ex"
}
2023-09-21 19:12:09 ERR {
  "e": {
    "maintype": "/GameHandle",
    "type": "ex",
    "data": {
      "code": -2
    },
    "errmsg": "未找到对应代理编号信息",
    "msg_to_ui": "未找到对应代理编号信息",
    "typex": "ret_data_ex"
  },
  "funNargs": "*********=>callrmt[]"
}
2023-09-21 19:12:09 ERR e at:login{"0":"login","1":["11135600,26916DD661300B25,1BC0036763DE22EC"]}
2023-09-21 19:12:09 ERR {
  "maintype": "/GameHandle",
  "type": "ex",
  "data": {
    "code": -2
  },
  "errmsg": "未找到对应代理编号信息",
  "msg_to_ui": "未找到对应代理编号信息",
  "typex": "ret_data_ex"
}
2023-09-21 19:12:09 ERR {
  "e": {
    "maintype": "/GameHandle",
    "type": "ex",
    "data": {
      "code": -2
    },
    "errmsg": "未找到对应代理编号信息",
    "msg_to_ui": "未找到对应代理编号信息",
    "typex": "ret_data_ex"
  },
  "funNargs": "*********=>callrmt[]"
}
2023-09-21 19:12:15 ERR e at:login{"0":"login","1":["11135600,26916DD661300B25,1BC0036763DE22EC"]}
2023-09-21 19:12:15 ERR {
  "maintype": "/GameHandle",
  "type": "ex",
  "data": {
    "code": -2
  },
  "errmsg": "未找到对应代理编号信息",
  "msg_to_ui": "未找到对应代理编号信息",
  "typex": "ret_data_ex"
}
2023-09-21 19:12:15 ERR {
  "e": {
    "maintype": "/GameHandle",
    "type": "ex",
    "data": {
      "code": -2
    },
    "errmsg": "未找到对应代理编号信息",
    "msg_to_ui": "未找到对应代理编号信息",
    "typex": "ret_data_ex"
  },
  "funNargs": "*********=>callrmt[]"
}
2023-09-21 19:12:26 ERR e at:login{"0":"login","1":["111356,26916DD661300B25,1BC0036763DE22EC00"]}
2023-09-21 19:12:26 ERR {
  "maintype": "/GameHandle",
  "type": "ex",
  "data": {
    "code": -3
  },
  "errmsg": "代理MD5校验码错误",
  "msg_to_ui": "代理MD5校验码错误",
  "typex": "ret_data_ex"
}
2023-09-21 19:12:26 ERR {
  "e": {
    "maintype": "/GameHandle",
    "type": "ex",
    "data": {
      "code": -3
    },
    "errmsg": "代理MD5校验码错误",
    "msg_to_ui": "代理MD5校验码错误",
    "typex": "ret_data_ex"
  },
  "funNargs": "*********=>callrmt[]"
}
2023-09-21 19:12:32 ERR e at:login{"0":"login","1":["11135600,26916DD661300B25,1BC0036763DE22EC"]}
2023-09-21 19:12:32 ERR {
  "maintype": "/GameHandle",
  "type": "ex",
  "data": {
    "code": -2
  },
  "errmsg": "未找到对应代理编号信息",
  "msg_to_ui": "未找到对应代理编号信息",
  "typex": "ret_data_ex"
}
2023-09-21 19:12:32 ERR {
  "e": {
    "maintype": "/GameHandle",
    "type": "ex",
    "data": {
      "code": -2
    },
    "errmsg": "未找到对应代理编号信息",
    "msg_to_ui": "未找到对应代理编号信息",
    "typex": "ret_data_ex"
  },
  "funNargs": "*********=>callrmt[]"
}
2023-09-21 20:24:26 ERR e at:addUser{"0":"addUser","1":["777","7"]}
2023-09-21 20:24:26 ERR "alrtEx@玩家已经存在"
2023-09-21 20:24:26 ERR {
  "e": "alrtEx@玩家已经存在",
  "funNargs": "*********=>callrmt[]"
}
2023-09-21 20:25:42 ERR e at:addUser{"0":"addUser","1":["777","7"]}
2023-09-21 20:25:42 ERR "alrtEx@玩家已经存在"
2023-09-21 20:25:42 ERR {
  "e": "alrtEx@玩家已经存在",
  "funNargs": "*********=>callrmt[]"
}
2023-09-21 20:27:35 ERR e at:addUser{"0":"addUser","1":["777","7"]}
2023-09-21 20:27:35 ERR "alrtEx@玩家已经存在"
2023-09-21 20:27:35 ERR {
  "e": "alrtEx@玩家已经存在",
  "funNargs": "*********=>callrmt[]"
}
2023-09-21 20:27:52 ERR e at:addUser{"0":"addUser","1":["777","7"]}
2023-09-21 20:27:52 ERR "alrtEx@玩家已经存在"
2023-09-21 20:27:52 ERR {
  "e": "alrtEx@玩家已经存在",
  "funNargs": "*********=>callrmt[]"
}
2023-09-21 20:28:14 ERR e at:addUser{"0":"addUser","1":["777","7"]}
2023-09-21 20:28:14 ERR "alrtEx@玩家已经存在"
2023-09-21 20:28:14 ERR {
  "e": "alrtEx@玩家已经存在",
  "funNargs": "*********=>callrmt[]"
}
2023-09-21 20:29:06 ERR e at:addUser{"0":"addUser","1":["777","7"]}
2023-09-21 20:29:06 ERR "alrtEx@玩家已经存在"
2023-09-21 20:29:06 ERR {
  "e": "alrtEx@玩家已经存在",
  "funNargs": "*********=>callrmt[]"
}
2023-09-21 20:29:15 ERR e at:addUser{"0":"addUser","1":["777","7"]}
2023-09-21 20:29:15 ERR "alrtEx@玩家已经存在"
2023-09-21 20:29:15 ERR {
  "e": "alrtEx@玩家已经存在",
  "funNargs": "*********=>callrmt[]"
}
2023-09-21 20:30:19 ERR e at:addUser{"0":"addUser","1":["777","7"]}
2023-09-21 20:30:19 ERR "alrtEx@玩家已经存在"
2023-09-21 20:30:26 ERR {
  "e": "alrtEx@玩家已经存在",
  "funNargs": "*********=>callrmt[]"
}
2023-09-21 20:30:41 ERR e at:addUser{"0":"addUser","1":["777","7"]}
2023-09-21 20:30:41 ERR "alrtEx@玩家已经存在"
2023-09-21 20:30:42 ERR {
  "e": "alrtEx@玩家已经存在",
  "funNargs": "*********=>callrmt[]"
}
2023-09-21 20:30:46 ERR unhandledRejection
2023-09-21 20:30:46 ERR {
  "stack": "ReferenceError: retTxt is not defined\n    at callrmt (C:\\modyfing\\apiprj\\jbbot\\zmng\\libBiz\\callweb.js:139:23)\n    at process.processTicksAndRejections (node:internal/process/task_queues:95:5)",
  "msg": "retTxt is not defined"
}
2023-09-21 20:31:29 ERR e at:addUser{"0":"addUser","1":["777","7"]}
2023-09-21 20:31:29 ERR "alrtEx@玩家已经存在"
2023-09-21 20:31:29 ERR {
  "e": "alrtEx@玩家已经存在",
  "funNargs": "*********=>callrmt[]"
}
2023-09-21 20:31:30 ERR unhandledRejection
2023-09-21 20:31:30 ERR {
  "stack": "ReferenceError: retTxt is not defined\n    at callrmt (C:\\modyfing\\apiprj\\jbbot\\zmng\\libBiz\\callweb.js:139:23)\n    at process.processTicksAndRejections (node:internal/process/task_queues:95:5)",
  "msg": "retTxt is not defined"
}
2023-09-21 20:31:30 ERR e at:addUser{"0":"addUser","1":["777","7"]}
2023-09-21 20:31:30 ERR "alrtEx@玩家已经存在"
2023-09-21 20:31:30 ERR {
  "e": "alrtEx@玩家已经存在",
  "funNargs": "*********=>callrmt[]"
}
2023-09-21 20:31:30 ERR unhandledRejection
2023-09-21 20:31:30 ERR {
  "stack": "ReferenceError: retTxt is not defined\n    at callrmt (C:\\modyfing\\apiprj\\jbbot\\zmng\\libBiz\\callweb.js:139:23)\n    at process.processTicksAndRejections (node:internal/process/task_queues:95:5)",
  "msg": "retTxt is not defined"
}
2023-09-21 20:31:52 ERR e at:addUser{"0":"addUser","1":["777","7"]}
2023-09-21 20:31:52 ERR "alrtEx@玩家已经存在"
2023-09-21 20:31:52 ERR {
  "e": "alrtEx@玩家已经存在",
  "funNargs": "*********=>callrmt[]"
}
2023-09-21 20:31:52 ERR unhandledRejection
2023-09-21 20:31:52 ERR {
  "stack": "ReferenceError: retTxt is not defined\n    at callrmt (C:\\modyfing\\apiprj\\jbbot\\zmng\\libBiz\\callweb.js:139:23)\n    at process.processTicksAndRejections (node:internal/process/task_queues:95:5)",
  "msg": "retTxt is not defined"
}
2023-09-21 20:32:07 ERR e at:addUser{"0":"addUser","1":["777","7"]}
2023-09-21 20:32:07 ERR "alrtEx@玩家已经存在"
2023-09-21 20:32:10 ERR {
  "e": "alrtEx@玩家已经存在",
  "funNargs": "*********=>callrmt[]"
}
2023-09-21 20:32:16 ERR unhandledRejection
2023-09-21 20:32:16 ERR {
  "stack": "ReferenceError: retTxt is not defined\n    at callrmt (C:\\modyfing\\apiprj\\jbbot\\zmng\\libBiz\\callweb.js:139:23)\n    at process.processTicksAndRejections (node:internal/process/task_queues:95:5)",
  "msg": "retTxt is not defined"
}
2023-09-21 20:32:25 ERR e at:addUser{"0":"addUser","1":["777","7"]}
2023-09-21 20:32:25 ERR "alrtEx@玩家已经存在"
2023-09-21 20:32:25 ERR {
  "e": "alrtEx@玩家已经存在",
  "funNargs": "*********=>callrmt[]"
}
2023-09-21 20:57:41 ERR e at:http_get{"0":"https://ng.mqbsx.com/GameHandle?agentid=111356454563&timestamp=1695304661000&type=9&paraValue=FR4CdgHYwwMueJUTrEQBZA%3D%3D&key=1c0b631d93dba414999a9702bcba3407"}
2023-09-21 20:57:41 ERR {"type":"ex","fun":"[http_get_core]","url":"https://ng.mqbsx.com/GameHandle?agentid=111356454563&timestamp=1695304661000&type=9&paraValue=FR4CdgHYwwMueJUTrEQBZA%3D%3D&key=1c0b631d93dba414999a9702bcba3407","httpStatuCode":400,"httpRzt_clr":"{\"type\":\"https://tools.ietf.org/html/rfc7231#section-6.5.1\",\"title\":\"One or more validation errors occurred.\",\"status\":400,\"traceId\":\"|8d1f486f-411521f39c280ca1.\",\"errors\":{\"agentid\":[\"The value '111356454563' is not valid.\"]}}"}
2023-09-21 20:57:41 ERR e at:login{"0":"login","1":["111356454563,26916DD661300B25,1BC0036763DE22EC0000"]}
2023-09-21 20:57:41 ERR {
  "type": "ex",
  "fun": "[http_get_core]",
  "url": "https://ng.mqbsx.com/GameHandle?agentid=111356454563&timestamp=1695304661000&type=9&paraValue=FR4CdgHYwwMueJUTrEQBZA%3D%3D&key=1c0b631d93dba414999a9702bcba3407",
  "httpStatuCode": 400,
  "httpRzt_clr": "{\"type\":\"https://tools.ietf.org/html/rfc7231#section-6.5.1\",\"title\":\"One or more validation errors occurred.\",\"status\":400,\"traceId\":\"|8d1f486f-411521f39c280ca1.\",\"errors\":{\"agentid\":[\"The value '111356454563' is not valid.\"]}}"
}
2023-09-21 20:57:41 ERR {
  "e": {
    "type": "ex",
    "fun": "[http_get_core]",
    "url": "https://ng.mqbsx.com/GameHandle?agentid=111356454563&timestamp=1695304661000&type=9&paraValue=FR4CdgHYwwMueJUTrEQBZA%3D%3D&key=1c0b631d93dba414999a9702bcba3407",
    "httpStatuCode": 400,
    "httpRzt_clr": "{\"type\":\"https://tools.ietf.org/html/rfc7231#section-6.5.1\",\"title\":\"One or more validation errors occurred.\",\"status\":400,\"traceId\":\"|8d1f486f-411521f39c280ca1.\",\"errors\":{\"agentid\":[\"The value '111356454563' is not valid.\"]}}"
  },
  "funNargs": "*********=>callrmt[]"
}
2023-09-21 20:58:53 ERR e at:http_get{"0":"https://ng.mqbsx.com/GameHandle?agentid=111356454563&timestamp=1695304732000&type=9&paraValue=FR4CdgHYwwMueJUTrEQBZA%3D%3D&key=87d92214f3b5b431466573c03db4b7d1"}
2023-09-21 20:58:53 ERR {"type":"ex","fun":"[http_get_core]","url":"https://ng.mqbsx.com/GameHandle?agentid=111356454563&timestamp=1695304732000&type=9&paraValue=FR4CdgHYwwMueJUTrEQBZA%3D%3D&key=87d92214f3b5b431466573c03db4b7d1","httpStatuCode":400,"httpRzt_clr":"{\"type\":\"https://tools.ietf.org/html/rfc7231#section-6.5.1\",\"title\":\"One or more validation errors occurred.\",\"status\":400,\"traceId\":\"|8d1f488e-411521f39c280ca1.\",\"errors\":{\"agentid\":[\"The value '111356454563' is not valid.\"]}}"}
2023-09-21 20:58:53 ERR e at:login{"0":"login","1":["111356454563,26916DD661300B25,1BC0036763DE22EC0000"]}
2023-09-21 20:58:53 ERR {
  "type": "ex",
  "fun": "[http_get_core]",
  "url": "https://ng.mqbsx.com/GameHandle?agentid=111356454563&timestamp=1695304732000&type=9&paraValue=FR4CdgHYwwMueJUTrEQBZA%3D%3D&key=87d92214f3b5b431466573c03db4b7d1",
  "httpStatuCode": 400,
  "httpRzt_clr": "{\"type\":\"https://tools.ietf.org/html/rfc7231#section-6.5.1\",\"title\":\"One or more validation errors occurred.\",\"status\":400,\"traceId\":\"|8d1f488e-411521f39c280ca1.\",\"errors\":{\"agentid\":[\"The value '111356454563' is not valid.\"]}}"
}
2023-09-21 20:58:53 ERR {
  "e": {
    "type": "ex",
    "fun": "[http_get_core]",
    "url": "https://ng.mqbsx.com/GameHandle?agentid=111356454563&timestamp=1695304732000&type=9&paraValue=FR4CdgHYwwMueJUTrEQBZA%3D%3D&key=87d92214f3b5b431466573c03db4b7d1",
    "httpStatuCode": 400,
    "httpRzt_clr": "{\"type\":\"https://tools.ietf.org/html/rfc7231#section-6.5.1\",\"title\":\"One or more validation errors occurred.\",\"status\":400,\"traceId\":\"|8d1f488e-411521f39c280ca1.\",\"errors\":{\"agentid\":[\"The value '111356454563' is not valid.\"]}}"
  },
  "funNargs": "*********=>callrmt[]"
}
2023-09-21 20:59:05 ERR e at:http_get{"0":"https://ng.mqbsx.com/GameHandle?agentid=111356454563&timestamp=1695304744000&type=9&paraValue=FR4CdgHYwwMueJUTrEQBZA%3D%3D&key=b40a475f7536f34433d38ece779db36a"}
2023-09-21 20:59:05 ERR {"type":"ex","fun":"[http_get_core]","url":"https://ng.mqbsx.com/GameHandle?agentid=111356454563&timestamp=1695304744000&type=9&paraValue=FR4CdgHYwwMueJUTrEQBZA%3D%3D&key=b40a475f7536f34433d38ece779db36a","httpStatuCode":400,"httpRzt_clr":"{\"type\":\"https://tools.ietf.org/html/rfc7231#section-6.5.1\",\"title\":\"One or more validation errors occurred.\",\"status\":400,\"traceId\":\"|8d1f4894-411521f39c280ca1.\",\"errors\":{\"agentid\":[\"The value '111356454563' is not valid.\"]}}"}
2023-09-21 20:59:05 ERR e at:login{"0":"login","1":["111356454563,26916DD661300B25,1BC0036763DE22EC0000"]}
2023-09-21 20:59:05 ERR {
  "type": "ex",
  "fun": "[http_get_core]",
  "url": "https://ng.mqbsx.com/GameHandle?agentid=111356454563&timestamp=1695304744000&type=9&paraValue=FR4CdgHYwwMueJUTrEQBZA%3D%3D&key=b40a475f7536f34433d38ece779db36a",
  "httpStatuCode": 400,
  "httpRzt_clr": "{\"type\":\"https://tools.ietf.org/html/rfc7231#section-6.5.1\",\"title\":\"One or more validation errors occurred.\",\"status\":400,\"traceId\":\"|8d1f4894-411521f39c280ca1.\",\"errors\":{\"agentid\":[\"The value '111356454563' is not valid.\"]}}"
}
2023-09-21 20:59:05 ERR {
  "e": {
    "type": "ex",
    "fun": "[http_get_core]",
    "url": "https://ng.mqbsx.com/GameHandle?agentid=111356454563&timestamp=1695304744000&type=9&paraValue=FR4CdgHYwwMueJUTrEQBZA%3D%3D&key=b40a475f7536f34433d38ece779db36a",
    "httpStatuCode": 400,
    "httpRzt_clr": "{\"type\":\"https://tools.ietf.org/html/rfc7231#section-6.5.1\",\"title\":\"One or more validation errors occurred.\",\"status\":400,\"traceId\":\"|8d1f4894-411521f39c280ca1.\",\"errors\":{\"agentid\":[\"The value '111356454563' is not valid.\"]}}"
  },
  "funNargs": "*********=>callrmt[]"
}
2023-09-22 12:49:45 ERR e at:http_get{"0":"https://ng.mqbsx.com/GameHandle?agentid=111356454563&timestamp=1695361785000&type=9&paraValue=FR4CdgHYwwMueJUTrEQBZA%3D%3D&key=25c201bf43e6706bff94b78700f65b9b"}
2023-09-22 12:49:45 ERR {"type":"ex","fun":"[http_get_core]","url":"https://ng.mqbsx.com/GameHandle?agentid=111356454563&timestamp=1695361785000&type=9&paraValue=FR4CdgHYwwMueJUTrEQBZA%3D%3D&key=25c201bf43e6706bff94b78700f65b9b","httpStatuCode":400,"httpRzt_clr":"{\"type\":\"https://tools.ietf.org/html/rfc7231#section-6.5.1\",\"title\":\"One or more validation errors occurred.\",\"status\":400,\"traceId\":\"|8d1fab63-411521f39c280ca1.\",\"errors\":{\"agentid\":[\"The value '111356454563' is not valid.\"]}}"}
2023-09-22 12:49:45 ERR e at:login{"0":"login","1":["111356454563,26916DD661300B25,1BC0036763DE22EC0000"]}
2023-09-22 12:49:45 ERR {
  "type": "ex",
  "fun": "[http_get_core]",
  "url": "https://ng.mqbsx.com/GameHandle?agentid=111356454563&timestamp=1695361785000&type=9&paraValue=FR4CdgHYwwMueJUTrEQBZA%3D%3D&key=25c201bf43e6706bff94b78700f65b9b",
  "httpStatuCode": 400,
  "httpRzt_clr": "{\"type\":\"https://tools.ietf.org/html/rfc7231#section-6.5.1\",\"title\":\"One or more validation errors occurred.\",\"status\":400,\"traceId\":\"|8d1fab63-411521f39c280ca1.\",\"errors\":{\"agentid\":[\"The value '111356454563' is not valid.\"]}}"
}
2023-09-22 12:49:45 ERR {
  "e": {
    "type": "ex",
    "fun": "[http_get_core]",
    "url": "https://ng.mqbsx.com/GameHandle?agentid=111356454563&timestamp=1695361785000&type=9&paraValue=FR4CdgHYwwMueJUTrEQBZA%3D%3D&key=25c201bf43e6706bff94b78700f65b9b",
    "httpStatuCode": 400,
    "httpRzt_clr": "{\"type\":\"https://tools.ietf.org/html/rfc7231#section-6.5.1\",\"title\":\"One or more validation errors occurred.\",\"status\":400,\"traceId\":\"|8d1fab63-411521f39c280ca1.\",\"errors\":{\"agentid\":[\"The value '111356454563' is not valid.\"]}}"
  },
  "funNargs": "*********=>callrmt[]"
}
2023-09-22 12:59:46 ERR {"stack":"ReferenceError: requirex is not defined\n    at String.shangfen (C:\\modyfing\\apiprj\\jbbot\\zmng\\libBiz\\shangfenNode.js:54:13)\n    at process.processTicksAndRejections (node:internal/process/task_queues:95:5)\n    at async call_func (C:\\modyfing\\apiprj\\jbbot\\zmng\\libx\\ref.js:79:12)\n    at async dsl_callFrmUiToBiz (C:\\modyfing\\apiprj\\jbbot\\zmng\\libx\\ref.js:39:14)\n    at async callrmt (C:\\modyfing\\apiprj\\jbbot\\zmng\\libBiz\\callweb.js:121:23)","msg":"requirex is not defined"}
2023-09-22 12:59:49 ERR {"stack":"ReferenceError: requirex is not defined\n    at String.shangfen (C:\\modyfing\\apiprj\\jbbot\\zmng\\libBiz\\shangfenNode.js:54:13)\n    at process.processTicksAndRejections (node:internal/process/task_queues:95:5)\n    at async call_func (C:\\modyfing\\apiprj\\jbbot\\zmng\\libx\\ref.js:79:12)\n    at async dsl_callFrmUiToBiz (C:\\modyfing\\apiprj\\jbbot\\zmng\\libx\\ref.js:39:14)\n    at async callrmt (C:\\modyfing\\apiprj\\jbbot\\zmng\\libBiz\\callweb.js:121:23)","msg":"requirex is not defined"}
2023-09-22 13:00:13 ERR {"stack":"ReferenceError: requirex is not defined\n    at String.shangfen (C:\\modyfing\\apiprj\\jbbot\\zmng\\libBiz\\shangfenNode.js:54:13)\n    at process.processTicksAndRejections (node:internal/process/task_queues:95:5)\n    at async call_func (C:\\modyfing\\apiprj\\jbbot\\zmng\\libx\\ref.js:79:12)\n    at async dsl_callFrmUiToBiz (C:\\modyfing\\apiprj\\jbbot\\zmng\\libx\\ref.js:39:14)\n    at async callrmt (C:\\modyfing\\apiprj\\jbbot\\zmng\\libBiz\\callweb.js:121:23)","msg":"requirex is not defined"}
2023-09-22 15:51:52 ERR uncaughtException
2023-09-22 15:51:52 ERR {"code":"EADDRINUSE","errno":-4091,"syscall":"listen","address":"::","port":8000}
2023-09-22 15:51:58 ERR uncaughtException
2023-09-22 15:51:58 ERR {"code":"EADDRINUSE","errno":-4091,"syscall":"listen","address":"::","port":8000}
2023-09-22 15:54:01 ERR e at:addUser{"0":"addUser","1":["777231","1"]}
2023-09-22 15:54:01 ERR "alrtEx@玩家已经存在"
2023-09-22 15:54:01 ERR {
  "e": "alrtEx@玩家已经存在",
  "funNargs": "*********=>callrmt[]"
}
2023-09-22 15:54:25 ERR e at:addUser{"0":"addUser","1":["777","1"]}
2023-09-22 15:54:25 ERR "alrtEx@玩家已经存在"
2023-09-22 15:54:25 ERR {
  "e": "alrtEx@玩家已经存在",
  "funNargs": "*********=>callrmt[]"
}
2023-09-23 14:26:35 ERR e at:oplog_qry{"0":"oplog_qry","1":[]}
2023-09-23 14:26:35 ERR {
  "errno": -4058,
  "syscall": "open",
  "code": "ENOENT",
  "path": "C:\\modyfing\\apiprj\\jbbot\\zmng\\libBiz/../db/111356//opLogColl.json"
}
2023-09-23 14:26:35 ERR {
  "e": {
    "errno": -4058,
    "syscall": "open",
    "code": "ENOENT",
    "path": "C:\\modyfing\\apiprj\\jbbot\\zmng\\libBiz/../db/111356//opLogColl.json",
    "stack1": "Error: ENOENT: no such file or directory, open 'C:\\modyfing\\apiprj\\jbbot\\zmng\\libBiz/../db/111356//opLogColl.json'\n    at Object.openSync (node:fs:593:3)\n    at readFileSync (node:fs:461:35)\n    at pdo_query (C:\\modyfing\\apiprj\\jbbot\\zmng\\libx\\db.js:23:15)\n    at String.oplog_qry (C:\\modyfing\\apiprj\\jbbot\\zmng\\libBiz\\oplog.js:67:11)\n    at call_func (C:\\modyfing\\apiprj\\jbbot\\zmng\\libx\\ref.js:79:23)\n    at dsl_callFrmUiToBiz (C:\\modyfing\\apiprj\\jbbot\\zmng\\libx\\ref.js:39:20)\n    at callrmt (C:\\modyfing\\apiprj\\jbbot\\zmng\\libBiz\\callweb.js:122:29)\n    at Layer.handle [as handle_request] (C:\\modyfing\\apiprj\\jbbot\\node_modules\\express\\lib\\router\\layer.js:95:5)\n    at next (C:\\modyfing\\apiprj\\jbbot\\node_modules\\express\\lib\\router\\route.js:144:13)\n    at Route.dispatch (C:\\modyfing\\apiprj\\jbbot\\node_modules\\express\\lib\\router\\route.js:114:3)",
    "msg1": "ENOENT: no such file or directory, open 'C:\\modyfing\\apiprj\\jbbot\\zmng\\libBiz/../db/111356//opLogColl.json'"
  },
  "funNargs": "*********=>callrmt[]",
  "stack1": "Error: ENOENT: no such file or directory, open 'C:\\modyfing\\apiprj\\jbbot\\zmng\\libBiz/../db/111356//opLogColl.json'\n    at Object.openSync (node:fs:593:3)\n    at readFileSync (node:fs:461:35)\n    at pdo_query (C:\\modyfing\\apiprj\\jbbot\\zmng\\libx\\db.js:23:15)\n    at String.oplog_qry (C:\\modyfing\\apiprj\\jbbot\\zmng\\libBiz\\oplog.js:67:11)\n    at call_func (C:\\modyfing\\apiprj\\jbbot\\zmng\\libx\\ref.js:79:23)\n    at dsl_callFrmUiToBiz (C:\\modyfing\\apiprj\\jbbot\\zmng\\libx\\ref.js:39:20)\n    at callrmt (C:\\modyfing\\apiprj\\jbbot\\zmng\\libBiz\\callweb.js:122:29)\n    at Layer.handle [as handle_request] (C:\\modyfing\\apiprj\\jbbot\\node_modules\\express\\lib\\router\\layer.js:95:5)\n    at next (C:\\modyfing\\apiprj\\jbbot\\node_modules\\express\\lib\\router\\route.js:144:13)\n    at Route.dispatch (C:\\modyfing\\apiprj\\jbbot\\node_modules\\express\\lib\\router\\route.js:114:3)",
  "msg": "ENOENT: no such file or directory, open 'C:\\modyfing\\apiprj\\jbbot\\zmng\\libBiz/../db/111356//opLogColl.json'"
}
2023-09-23 14:26:43 ERR e at:addUser{"0":"addUser","1":["111","1"]}
2023-09-23 14:26:43 ERR "alrtEx@玩家已经存在"
2023-09-23 14:26:43 ERR {
  "e": "alrtEx@玩家已经存在",
  "funNargs": "*********=>callrmt[]"
}
2023-09-23 16:09:31 ERR e at:addUser{"0":"addUser","1":["111","1"]}
2023-09-23 16:09:31 ERR "alrtEx@玩家已经存在"
2023-09-23 16:09:31 ERR {
  "e": "alrtEx@玩家已经存在",
  "funNargs": "*********=>callrmt[]"
}
2023-09-23 17:11:41 ERR uncaughtException
2023-09-23 17:11:41 ERR {
  "stack": "ReferenceError: req is not defined\n    at main (C:\\modyfing\\apiprj\\jbbot\\zmng\\libBiz\\callweb.js:223:36)\n    at Object.<anonymous> (C:\\modyfing\\apiprj\\jbbot\\zmng\\libBiz\\callweb.js:258:1)\n    at Module._compile (node:internal/modules/cjs/loader:1233:14)\n    at Module._extensions..js (node:internal/modules/cjs/loader:1287:10)\n    at Module.load (node:internal/modules/cjs/loader:1091:32)\n    at Module._load (node:internal/modules/cjs/loader:938:12)\n    at Function.executeUserEntryPoint [as runMain] (node:internal/modules/run_main:83:12)\n    at node:internal/main/run_main_module:23:47",
  "msg": "req is not defined"
}
2023-09-23 17:11:49 ERR uncaughtException
2023-09-23 17:11:49 ERR {
  "stack": "ReferenceError: req is not defined\n    at main (C:\\modyfing\\apiprj\\jbbot\\zmng\\libBiz\\callweb.js:223:36)\n    at Object.<anonymous> (C:\\modyfing\\apiprj\\jbbot\\zmng\\libBiz\\callweb.js:258:1)\n    at Module._compile (node:internal/modules/cjs/loader:1233:14)\n    at Module._extensions..js (node:internal/modules/cjs/loader:1287:10)\n    at Module.load (node:internal/modules/cjs/loader:1091:32)\n    at Module._load (node:internal/modules/cjs/loader:938:12)\n    at Function.executeUserEntryPoint [as runMain] (node:internal/modules/run_main:83:12)\n    at node:internal/main/run_main_module:23:47",
  "msg": "req is not defined"
}
2023-09-23 17:13:22 ERR uncaughtException
2023-09-23 17:13:22 ERR {
  "stack": "ReferenceError: req is not defined\n    at main (C:\\modyfing\\apiprj\\jbbot\\zmng\\libBiz\\callweb.js:223:36)\n    at Object.<anonymous> (C:\\modyfing\\apiprj\\jbbot\\zmng\\libBiz\\callweb.js:258:1)\n    at Module._compile (node:internal/modules/cjs/loader:1233:14)\n    at Module._extensions..js (node:internal/modules/cjs/loader:1287:10)\n    at Module.load (node:internal/modules/cjs/loader:1091:32)\n    at Module._load (node:internal/modules/cjs/loader:938:12)\n    at Function.executeUserEntryPoint [as runMain] (node:internal/modules/run_main:83:12)\n    at node:internal/main/run_main_module:23:47",
  "msg": "req is not defined"
}
2023-09-23 17:16:18 ERR {
  "e": "cant find fun ex@ fun=》importUser",
  "funNargs": "*********=>callrmt[]"
}
2023-09-23 17:26:25 ERR e at:importUser{"0":"importUser","1":[]}
2023-09-23 17:26:25 ERR {}
2023-09-23 17:26:25 ERR {
  "e": {
    "stack1": "TypeError: Cannot read properties of undefined (reading 'file1')\n    at String.importUser (C:\\modyfing\\apiprj\\jbbot\\zmng\\libBiz\\importUser.js:13:28)\n    at call_func (C:\\modyfing\\apiprj\\jbbot\\zmng\\libx\\ref.js:79:23)\n    at dsl_callFrmUiToBiz (C:\\modyfing\\apiprj\\jbbot\\zmng\\libx\\ref.js:39:20)\n    at callrmt (C:\\modyfing\\apiprj\\jbbot\\zmng\\libBiz\\callweb.js:129:29)\n    at Layer.handle [as handle_request] (C:\\modyfing\\apiprj\\jbbot\\node_modules\\express\\lib\\router\\layer.js:95:5)\n    at next (C:\\modyfing\\apiprj\\jbbot\\node_modules\\express\\lib\\router\\route.js:144:13)\n    at Route.dispatch (C:\\modyfing\\apiprj\\jbbot\\node_modules\\express\\lib\\router\\route.js:114:3)\n    at Layer.handle [as handle_request] (C:\\modyfing\\apiprj\\jbbot\\node_modules\\express\\lib\\router\\layer.js:95:5)\n    at C:\\modyfing\\apiprj\\jbbot\\node_modules\\express\\lib\\router\\index.js:284:15\n    at Function.process_params (C:\\modyfing\\apiprj\\jbbot\\node_modules\\express\\lib\\router\\index.js:346:12)",
    "msg1": "Cannot read properties of undefined (reading 'file1')"
  },
  "funNargs": "*********=>callrmt[]",
  "stack1": "TypeError: Cannot read properties of undefined (reading 'file1')\n    at String.importUser (C:\\modyfing\\apiprj\\jbbot\\zmng\\libBiz\\importUser.js:13:28)\n    at call_func (C:\\modyfing\\apiprj\\jbbot\\zmng\\libx\\ref.js:79:23)\n    at dsl_callFrmUiToBiz (C:\\modyfing\\apiprj\\jbbot\\zmng\\libx\\ref.js:39:20)\n    at callrmt (C:\\modyfing\\apiprj\\jbbot\\zmng\\libBiz\\callweb.js:129:29)\n    at Layer.handle [as handle_request] (C:\\modyfing\\apiprj\\jbbot\\node_modules\\express\\lib\\router\\layer.js:95:5)\n    at next (C:\\modyfing\\apiprj\\jbbot\\node_modules\\express\\lib\\router\\route.js:144:13)\n    at Route.dispatch (C:\\modyfing\\apiprj\\jbbot\\node_modules\\express\\lib\\router\\route.js:114:3)\n    at Layer.handle [as handle_request] (C:\\modyfing\\apiprj\\jbbot\\node_modules\\express\\lib\\router\\layer.js:95:5)\n    at C:\\modyfing\\apiprj\\jbbot\\node_modules\\express\\lib\\router\\index.js:284:15\n    at Function.process_params (C:\\modyfing\\apiprj\\jbbot\\node_modules\\express\\lib\\router\\index.js:346:12)",
  "msg": "Cannot read properties of undefined (reading 'file1')"
}
2023-09-23 17:26:38 ERR e at:searchPlayer{"0":"searchPlayer","1":[]}
2023-09-23 17:26:38 ERR {
  "errno": -4058,
  "syscall": "open",
  "code": "ENOENT",
  "path": "C:\\modyfing\\apiprj\\jbbot\\zmng\\libBiz/../db/111356//userColl.json"
}
2023-09-23 17:26:38 ERR {
  "e": {
    "errno": -4058,
    "syscall": "open",
    "code": "ENOENT",
    "path": "C:\\modyfing\\apiprj\\jbbot\\zmng\\libBiz/../db/111356//userColl.json",
    "stack1": "Error: ENOENT: no such file or directory, open 'C:\\modyfing\\apiprj\\jbbot\\zmng\\libBiz/../db/111356//userColl.json'\n    at Object.openSync (node:fs:593:3)\n    at readFileSync (node:fs:461:35)\n    at pdo_query (C:\\modyfing\\apiprj\\jbbot\\zmng\\libx\\db.js:23:15)\n    at searchPlayerAll (C:\\modyfing\\apiprj\\jbbot\\zmng\\libBiz\\searchPlayer.js:109:13)\n    at String.searchPlayer (C:\\modyfing\\apiprj\\jbbot\\zmng\\libBiz\\searchPlayer.js:125:17)\n    at call_func (C:\\modyfing\\apiprj\\jbbot\\zmng\\libx\\ref.js:79:23)\n    at dsl_callFrmUiToBiz (C:\\modyfing\\apiprj\\jbbot\\zmng\\libx\\ref.js:39:20)\n    at callrmt (C:\\modyfing\\apiprj\\jbbot\\zmng\\libBiz\\callweb.js:129:29)\n    at Layer.handle [as handle_request] (C:\\modyfing\\apiprj\\jbbot\\node_modules\\express\\lib\\router\\layer.js:95:5)\n    at next (C:\\modyfing\\apiprj\\jbbot\\node_modules\\express\\lib\\router\\route.js:144:13)",
    "msg1": "ENOENT: no such file or directory, open 'C:\\modyfing\\apiprj\\jbbot\\zmng\\libBiz/../db/111356//userColl.json'"
  },
  "funNargs": "*********=>callrmt[]",
  "stack1": "Error: ENOENT: no such file or directory, open 'C:\\modyfing\\apiprj\\jbbot\\zmng\\libBiz/../db/111356//userColl.json'\n    at Object.openSync (node:fs:593:3)\n    at readFileSync (node:fs:461:35)\n    at pdo_query (C:\\modyfing\\apiprj\\jbbot\\zmng\\libx\\db.js:23:15)\n    at searchPlayerAll (C:\\modyfing\\apiprj\\jbbot\\zmng\\libBiz\\searchPlayer.js:109:13)\n    at String.searchPlayer (C:\\modyfing\\apiprj\\jbbot\\zmng\\libBiz\\searchPlayer.js:125:17)\n    at call_func (C:\\modyfing\\apiprj\\jbbot\\zmng\\libx\\ref.js:79:23)\n    at dsl_callFrmUiToBiz (C:\\modyfing\\apiprj\\jbbot\\zmng\\libx\\ref.js:39:20)\n    at callrmt (C:\\modyfing\\apiprj\\jbbot\\zmng\\libBiz\\callweb.js:129:29)\n    at Layer.handle [as handle_request] (C:\\modyfing\\apiprj\\jbbot\\node_modules\\express\\lib\\router\\layer.js:95:5)\n    at next (C:\\modyfing\\apiprj\\jbbot\\node_modules\\express\\lib\\router\\route.js:144:13)",
  "msg": "ENOENT: no such file or directory, open 'C:\\modyfing\\apiprj\\jbbot\\zmng\\libBiz/../db/111356//userColl.json'"
}
2023-09-23 17:26:42 ERR e at:searchPlayer{"0":"searchPlayer","1":[]}
2023-09-23 17:26:42 ERR {
  "errno": -4058,
  "syscall": "open",
  "code": "ENOENT",
  "path": "C:\\modyfing\\apiprj\\jbbot\\zmng\\libBiz/../db/111356//userColl.json"
}
2023-09-23 17:26:42 ERR {
  "e": {
    "errno": -4058,
    "syscall": "open",
    "code": "ENOENT",
    "path": "C:\\modyfing\\apiprj\\jbbot\\zmng\\libBiz/../db/111356//userColl.json",
    "stack1": "Error: ENOENT: no such file or directory, open 'C:\\modyfing\\apiprj\\jbbot\\zmng\\libBiz/../db/111356//userColl.json'\n    at Object.openSync (node:fs:593:3)\n    at readFileSync (node:fs:461:35)\n    at pdo_query (C:\\modyfing\\apiprj\\jbbot\\zmng\\libx\\db.js:23:15)\n    at searchPlayerAll (C:\\modyfing\\apiprj\\jbbot\\zmng\\libBiz\\searchPlayer.js:109:13)\n    at String.searchPlayer (C:\\modyfing\\apiprj\\jbbot\\zmng\\libBiz\\searchPlayer.js:125:17)\n    at call_func (C:\\modyfing\\apiprj\\jbbot\\zmng\\libx\\ref.js:79:23)\n    at dsl_callFrmUiToBiz (C:\\modyfing\\apiprj\\jbbot\\zmng\\libx\\ref.js:39:20)\n    at callrmt (C:\\modyfing\\apiprj\\jbbot\\zmng\\libBiz\\callweb.js:129:29)\n    at Layer.handle [as handle_request] (C:\\modyfing\\apiprj\\jbbot\\node_modules\\express\\lib\\router\\layer.js:95:5)\n    at next (C:\\modyfing\\apiprj\\jbbot\\node_modules\\express\\lib\\router\\route.js:144:13)",
    "msg1": "ENOENT: no such file or directory, open 'C:\\modyfing\\apiprj\\jbbot\\zmng\\libBiz/../db/111356//userColl.json'"
  },
  "funNargs": "*********=>callrmt[]",
  "stack1": "Error: ENOENT: no such file or directory, open 'C:\\modyfing\\apiprj\\jbbot\\zmng\\libBiz/../db/111356//userColl.json'\n    at Object.openSync (node:fs:593:3)\n    at readFileSync (node:fs:461:35)\n    at pdo_query (C:\\modyfing\\apiprj\\jbbot\\zmng\\libx\\db.js:23:15)\n    at searchPlayerAll (C:\\modyfing\\apiprj\\jbbot\\zmng\\libBiz\\searchPlayer.js:109:13)\n    at String.searchPlayer (C:\\modyfing\\apiprj\\jbbot\\zmng\\libBiz\\searchPlayer.js:125:17)\n    at call_func (C:\\modyfing\\apiprj\\jbbot\\zmng\\libx\\ref.js:79:23)\n    at dsl_callFrmUiToBiz (C:\\modyfing\\apiprj\\jbbot\\zmng\\libx\\ref.js:39:20)\n    at callrmt (C:\\modyfing\\apiprj\\jbbot\\zmng\\libBiz\\callweb.js:129:29)\n    at Layer.handle [as handle_request] (C:\\modyfing\\apiprj\\jbbot\\node_modules\\express\\lib\\router\\layer.js:95:5)\n    at next (C:\\modyfing\\apiprj\\jbbot\\node_modules\\express\\lib\\router\\route.js:144:13)",
  "msg": "ENOENT: no such file or directory, open 'C:\\modyfing\\apiprj\\jbbot\\zmng\\libBiz/../db/111356//userColl.json'"
}
2023-09-23 17:26:47 ERR e at:importUser{"0":"importUser","1":[]}
2023-09-23 17:26:47 ERR {}
2023-09-23 17:26:47 ERR {
  "e": {
    "stack1": "TypeError: Cannot read properties of undefined (reading 'file1')\n    at String.importUser (C:\\modyfing\\apiprj\\jbbot\\zmng\\libBiz\\importUser.js:13:28)\n    at call_func (C:\\modyfing\\apiprj\\jbbot\\zmng\\libx\\ref.js:79:23)\n    at dsl_callFrmUiToBiz (C:\\modyfing\\apiprj\\jbbot\\zmng\\libx\\ref.js:39:20)\n    at callrmt (C:\\modyfing\\apiprj\\jbbot\\zmng\\libBiz\\callweb.js:129:29)\n    at Layer.handle [as handle_request] (C:\\modyfing\\apiprj\\jbbot\\node_modules\\express\\lib\\router\\layer.js:95:5)\n    at next (C:\\modyfing\\apiprj\\jbbot\\node_modules\\express\\lib\\router\\route.js:144:13)\n    at Route.dispatch (C:\\modyfing\\apiprj\\jbbot\\node_modules\\express\\lib\\router\\route.js:114:3)\n    at Layer.handle [as handle_request] (C:\\modyfing\\apiprj\\jbbot\\node_modules\\express\\lib\\router\\layer.js:95:5)\n    at C:\\modyfing\\apiprj\\jbbot\\node_modules\\express\\lib\\router\\index.js:284:15\n    at Function.process_params (C:\\modyfing\\apiprj\\jbbot\\node_modules\\express\\lib\\router\\index.js:346:12)",
    "msg1": "Cannot read properties of undefined (reading 'file1')"
  },
  "funNargs": "*********=>callrmt[]",
  "stack1": "TypeError: Cannot read properties of undefined (reading 'file1')\n    at String.importUser (C:\\modyfing\\apiprj\\jbbot\\zmng\\libBiz\\importUser.js:13:28)\n    at call_func (C:\\modyfing\\apiprj\\jbbot\\zmng\\libx\\ref.js:79:23)\n    at dsl_callFrmUiToBiz (C:\\modyfing\\apiprj\\jbbot\\zmng\\libx\\ref.js:39:20)\n    at callrmt (C:\\modyfing\\apiprj\\jbbot\\zmng\\libBiz\\callweb.js:129:29)\n    at Layer.handle [as handle_request] (C:\\modyfing\\apiprj\\jbbot\\node_modules\\express\\lib\\router\\layer.js:95:5)\n    at next (C:\\modyfing\\apiprj\\jbbot\\node_modules\\express\\lib\\router\\route.js:144:13)\n    at Route.dispatch (C:\\modyfing\\apiprj\\jbbot\\node_modules\\express\\lib\\router\\route.js:114:3)\n    at Layer.handle [as handle_request] (C:\\modyfing\\apiprj\\jbbot\\node_modules\\express\\lib\\router\\layer.js:95:5)\n    at C:\\modyfing\\apiprj\\jbbot\\node_modules\\express\\lib\\router\\index.js:284:15\n    at Function.process_params (C:\\modyfing\\apiprj\\jbbot\\node_modules\\express\\lib\\router\\index.js:346:12)",
  "msg": "Cannot read properties of undefined (reading 'file1')"
}
2023-09-23 17:41:34 ERR unhandledRejection
2023-09-23 17:41:34 ERR {
  "stack": "TypeError: Cannot read properties of undefined (reading 'file1')\n    at callrmt (C:\\modyfing\\apiprj\\jbbot\\zmng\\libBiz\\callweb.js:98:28)\n    at Layer.handle [as handle_request] (C:\\modyfing\\apiprj\\jbbot\\node_modules\\express\\lib\\router\\layer.js:95:5)\n    at next (C:\\modyfing\\apiprj\\jbbot\\node_modules\\express\\lib\\router\\route.js:144:13)\n    at Route.dispatch (C:\\modyfing\\apiprj\\jbbot\\node_modules\\express\\lib\\router\\route.js:114:3)\n    at Layer.handle [as handle_request] (C:\\modyfing\\apiprj\\jbbot\\node_modules\\express\\lib\\router\\layer.js:95:5)\n    at C:\\modyfing\\apiprj\\jbbot\\node_modules\\express\\lib\\router\\index.js:284:15\n    at Function.process_params (C:\\modyfing\\apiprj\\jbbot\\node_modules\\express\\lib\\router\\index.js:346:12)\n    at next (C:\\modyfing\\apiprj\\jbbot\\node_modules\\express\\lib\\router\\index.js:280:10)\n    at cookieParser (C:\\modyfing\\apiprj\\jbbot\\node_modules\\cookie-parser\\index.js:71:5)\n    at Layer.handle [as handle_request] (C:\\modyfing\\apiprj\\jbbot\\node_modules\\express\\lib\\router\\layer.js:95:5)",
  "msg": "Cannot read properties of undefined (reading 'file1')"
}
2023-09-23 17:42:02 ERR unhandledRejection
2023-09-23 17:42:02 ERR {
  "stack": "TypeError: Cannot read properties of undefined (reading 'file1')\n    at callrmt (C:\\modyfing\\apiprj\\jbbot\\zmng\\libBiz\\callweb.js:98:28)\n    at Layer.handle [as handle_request] (C:\\modyfing\\apiprj\\jbbot\\node_modules\\express\\lib\\router\\layer.js:95:5)\n    at next (C:\\modyfing\\apiprj\\jbbot\\node_modules\\express\\lib\\router\\route.js:144:13)\n    at Route.dispatch (C:\\modyfing\\apiprj\\jbbot\\node_modules\\express\\lib\\router\\route.js:114:3)\n    at Layer.handle [as handle_request] (C:\\modyfing\\apiprj\\jbbot\\node_modules\\express\\lib\\router\\layer.js:95:5)\n    at C:\\modyfing\\apiprj\\jbbot\\node_modules\\express\\lib\\router\\index.js:284:15\n    at Function.process_params (C:\\modyfing\\apiprj\\jbbot\\node_modules\\express\\lib\\router\\index.js:346:12)\n    at next (C:\\modyfing\\apiprj\\jbbot\\node_modules\\express\\lib\\router\\index.js:280:10)\n    at cookieParser (C:\\modyfing\\apiprj\\jbbot\\node_modules\\cookie-parser\\index.js:71:5)\n    at Layer.handle [as handle_request] (C:\\modyfing\\apiprj\\jbbot\\node_modules\\express\\lib\\router\\layer.js:95:5)",
  "msg": "Cannot read properties of undefined (reading 'file1')"
}
2023-09-23 17:48:08 ERR unhandledRejection
2023-09-23 17:48:08 ERR {
  "stack": "TypeError: Cannot read properties of undefined (reading 'file1')\n    at callrmt (C:\\modyfing\\apiprj\\jbbot\\zmng\\libBiz\\callweb.js:98:28)\n    at Layer.handle [as handle_request] (C:\\modyfing\\apiprj\\jbbot\\zmng\\node_modules\\express\\lib\\router\\layer.js:95:5)\n    at next (C:\\modyfing\\apiprj\\jbbot\\zmng\\node_modules\\express\\lib\\router\\route.js:144:13)\n    at Route.dispatch (C:\\modyfing\\apiprj\\jbbot\\zmng\\node_modules\\express\\lib\\router\\route.js:114:3)\n    at Layer.handle [as handle_request] (C:\\modyfing\\apiprj\\jbbot\\zmng\\node_modules\\express\\lib\\router\\layer.js:95:5)\n    at C:\\modyfing\\apiprj\\jbbot\\zmng\\node_modules\\express\\lib\\router\\index.js:284:15\n    at Function.process_params (C:\\modyfing\\apiprj\\jbbot\\zmng\\node_modules\\express\\lib\\router\\index.js:346:12)\n    at next (C:\\modyfing\\apiprj\\jbbot\\zmng\\node_modules\\express\\lib\\router\\index.js:280:10)\n    at cookieParser (C:\\modyfing\\apiprj\\jbbot\\zmng\\node_modules\\cookie-parser\\index.js:71:5)\n    at Layer.handle [as handle_request] (C:\\modyfing\\apiprj\\jbbot\\zmng\\node_modules\\express\\lib\\router\\layer.js:95:5)",
  "msg": "Cannot read properties of undefined (reading 'file1')"
}
2023-09-23 17:54:44 ERR unhandledRejection
2023-09-23 17:54:44 ERR {
  "stack": "TypeError: Cannot read properties of undefined (reading 'file1')\n    at callrmt (C:\\modyfing\\apiprj\\jbbot\\zmng\\libBiz\\callweb.js:98:28)\n    at Layer.handle [as handle_request] (C:\\modyfing\\apiprj\\jbbot\\zmng\\node_modules\\express\\lib\\router\\layer.js:95:5)\n    at next (C:\\modyfing\\apiprj\\jbbot\\zmng\\node_modules\\express\\lib\\router\\route.js:144:13)\n    at Route.dispatch (C:\\modyfing\\apiprj\\jbbot\\zmng\\node_modules\\express\\lib\\router\\route.js:114:3)\n    at Layer.handle [as handle_request] (C:\\modyfing\\apiprj\\jbbot\\zmng\\node_modules\\express\\lib\\router\\layer.js:95:5)\n    at C:\\modyfing\\apiprj\\jbbot\\zmng\\node_modules\\express\\lib\\router\\index.js:284:15\n    at Function.process_params (C:\\modyfing\\apiprj\\jbbot\\zmng\\node_modules\\express\\lib\\router\\index.js:346:12)\n    at next (C:\\modyfing\\apiprj\\jbbot\\zmng\\node_modules\\express\\lib\\router\\index.js:280:10)\n    at cookieParser (C:\\modyfing\\apiprj\\jbbot\\zmng\\node_modules\\cookie-parser\\index.js:71:5)\n    at Layer.handle [as handle_request] (C:\\modyfing\\apiprj\\jbbot\\zmng\\node_modules\\express\\lib\\router\\layer.js:95:5)",
  "msg": "Cannot read properties of undefined (reading 'file1')"
}
2023-09-23 20:35:51 ERR unhandledRejection
2023-09-23 20:35:51 ERR {
  "stack": "TypeError: Cannot read properties of undefined (reading 'file1')\n    at callrmt (C:\\modyfing\\apiprj\\jbbot\\zmng\\libBiz\\callweb.js:98:28)\n    at Layer.handle [as handle_request] (C:\\modyfing\\apiprj\\jbbot\\zmng\\node_modules\\express\\lib\\router\\layer.js:95:5)\n    at next (C:\\modyfing\\apiprj\\jbbot\\zmng\\node_modules\\express\\lib\\router\\route.js:144:13)\n    at Route.dispatch (C:\\modyfing\\apiprj\\jbbot\\zmng\\node_modules\\express\\lib\\router\\route.js:114:3)\n    at Layer.handle [as handle_request] (C:\\modyfing\\apiprj\\jbbot\\zmng\\node_modules\\express\\lib\\router\\layer.js:95:5)\n    at C:\\modyfing\\apiprj\\jbbot\\zmng\\node_modules\\express\\lib\\router\\index.js:284:15\n    at Function.process_params (C:\\modyfing\\apiprj\\jbbot\\zmng\\node_modules\\express\\lib\\router\\index.js:346:12)\n    at next (C:\\modyfing\\apiprj\\jbbot\\zmng\\node_modules\\express\\lib\\router\\index.js:280:10)\n    at cookieParser (C:\\modyfing\\apiprj\\jbbot\\zmng\\node_modules\\cookie-parser\\index.js:71:5)\n    at Layer.handle [as handle_request] (C:\\modyfing\\apiprj\\jbbot\\zmng\\node_modules\\express\\lib\\router\\layer.js:95:5)",
  "msg": "Cannot read properties of undefined (reading 'file1')"
}
2023-09-23 20:38:40 ERR unhandledRejection
2023-09-23 20:38:40 ERR {
  "stack": "TypeError: Cannot read properties of undefined (reading 'file1')\n    at callrmt (C:\\modyfing\\apiprj\\jbbot\\zmng\\libBiz\\callweb.js:98:28)\n    at Layer.handle [as handle_request] (C:\\modyfing\\apiprj\\jbbot\\zmng\\node_modules\\express\\lib\\router\\layer.js:95:5)\n    at next (C:\\modyfing\\apiprj\\jbbot\\zmng\\node_modules\\express\\lib\\router\\route.js:144:13)\n    at Route.dispatch (C:\\modyfing\\apiprj\\jbbot\\zmng\\node_modules\\express\\lib\\router\\route.js:114:3)\n    at Layer.handle [as handle_request] (C:\\modyfing\\apiprj\\jbbot\\zmng\\node_modules\\express\\lib\\router\\layer.js:95:5)\n    at C:\\modyfing\\apiprj\\jbbot\\zmng\\node_modules\\express\\lib\\router\\index.js:284:15\n    at Function.process_params (C:\\modyfing\\apiprj\\jbbot\\zmng\\node_modules\\express\\lib\\router\\index.js:346:12)\n    at next (C:\\modyfing\\apiprj\\jbbot\\zmng\\node_modules\\express\\lib\\router\\index.js:280:10)\n    at cookieParser (C:\\modyfing\\apiprj\\jbbot\\zmng\\node_modules\\cookie-parser\\index.js:71:5)\n    at Layer.handle [as handle_request] (C:\\modyfing\\apiprj\\jbbot\\zmng\\node_modules\\express\\lib\\router\\layer.js:95:5)",
  "msg": "Cannot read properties of undefined (reading 'file1')"
}
2023-09-23 20:39:12 ERR unhandledRejection
2023-09-23 20:39:12 ERR {
  "stack": "TypeError: Cannot read properties of undefined (reading 'file1')\n    at callrmt (C:\\modyfing\\apiprj\\jbbot\\zmng\\libBiz\\callweb.js:98:28)\n    at Layer.handle [as handle_request] (C:\\modyfing\\apiprj\\jbbot\\zmng\\node_modules\\express\\lib\\router\\layer.js:95:5)\n    at next (C:\\modyfing\\apiprj\\jbbot\\zmng\\node_modules\\express\\lib\\router\\route.js:144:13)\n    at Route.dispatch (C:\\modyfing\\apiprj\\jbbot\\zmng\\node_modules\\express\\lib\\router\\route.js:114:3)\n    at Layer.handle [as handle_request] (C:\\modyfing\\apiprj\\jbbot\\zmng\\node_modules\\express\\lib\\router\\layer.js:95:5)\n    at C:\\modyfing\\apiprj\\jbbot\\zmng\\node_modules\\express\\lib\\router\\index.js:284:15\n    at Function.process_params (C:\\modyfing\\apiprj\\jbbot\\zmng\\node_modules\\express\\lib\\router\\index.js:346:12)\n    at next (C:\\modyfing\\apiprj\\jbbot\\zmng\\node_modules\\express\\lib\\router\\index.js:280:10)\n    at cookieParser (C:\\modyfing\\apiprj\\jbbot\\zmng\\node_modules\\cookie-parser\\index.js:71:5)\n    at Layer.handle [as handle_request] (C:\\modyfing\\apiprj\\jbbot\\zmng\\node_modules\\express\\lib\\router\\layer.js:95:5)",
  "msg": "Cannot read properties of undefined (reading 'file1')"
}
2023-09-23 20:39:25 ERR unhandledRejection
2023-09-23 20:39:25 ERR {
  "stack": "TypeError: Cannot read properties of undefined (reading 'file1')\n    at callrmt (C:\\modyfing\\apiprj\\jbbot\\zmng\\libBiz\\callweb.js:98:28)\n    at Layer.handle [as handle_request] (C:\\modyfing\\apiprj\\jbbot\\zmng\\node_modules\\express\\lib\\router\\layer.js:95:5)\n    at next (C:\\modyfing\\apiprj\\jbbot\\zmng\\node_modules\\express\\lib\\router\\route.js:144:13)\n    at Route.dispatch (C:\\modyfing\\apiprj\\jbbot\\zmng\\node_modules\\express\\lib\\router\\route.js:114:3)\n    at Layer.handle [as handle_request] (C:\\modyfing\\apiprj\\jbbot\\zmng\\node_modules\\express\\lib\\router\\layer.js:95:5)\n    at C:\\modyfing\\apiprj\\jbbot\\zmng\\node_modules\\express\\lib\\router\\index.js:284:15\n    at Function.process_params (C:\\modyfing\\apiprj\\jbbot\\zmng\\node_modules\\express\\lib\\router\\index.js:346:12)\n    at next (C:\\modyfing\\apiprj\\jbbot\\zmng\\node_modules\\express\\lib\\router\\index.js:280:10)\n    at cookieParser (C:\\modyfing\\apiprj\\jbbot\\zmng\\node_modules\\cookie-parser\\index.js:71:5)\n    at Layer.handle [as handle_request] (C:\\modyfing\\apiprj\\jbbot\\zmng\\node_modules\\express\\lib\\router\\layer.js:95:5)",
  "msg": "Cannot read properties of undefined (reading 'file1')"
}
2023-09-23 20:39:54 ERR unhandledRejection
2023-09-23 20:39:54 ERR {
  "stack": "TypeError: Cannot read properties of undefined (reading 'file1')\n    at callrmt (C:\\modyfing\\apiprj\\jbbot\\zmng\\libBiz\\callweb.js:98:28)\n    at Layer.handle [as handle_request] (C:\\modyfing\\apiprj\\jbbot\\zmng\\node_modules\\express\\lib\\router\\layer.js:95:5)\n    at next (C:\\modyfing\\apiprj\\jbbot\\zmng\\node_modules\\express\\lib\\router\\route.js:144:13)\n    at Route.dispatch (C:\\modyfing\\apiprj\\jbbot\\zmng\\node_modules\\express\\lib\\router\\route.js:114:3)\n    at Layer.handle [as handle_request] (C:\\modyfing\\apiprj\\jbbot\\zmng\\node_modules\\express\\lib\\router\\layer.js:95:5)\n    at C:\\modyfing\\apiprj\\jbbot\\zmng\\node_modules\\express\\lib\\router\\index.js:284:15\n    at Function.process_params (C:\\modyfing\\apiprj\\jbbot\\zmng\\node_modules\\express\\lib\\router\\index.js:346:12)\n    at next (C:\\modyfing\\apiprj\\jbbot\\zmng\\node_modules\\express\\lib\\router\\index.js:280:10)\n    at cookieParser (C:\\modyfing\\apiprj\\jbbot\\zmng\\node_modules\\cookie-parser\\index.js:71:5)\n    at Layer.handle [as handle_request] (C:\\modyfing\\apiprj\\jbbot\\zmng\\node_modules\\express\\lib\\router\\layer.js:95:5)",
  "msg": "Cannot read properties of undefined (reading 'file1')"
}
2023-09-23 20:40:21 ERR unhandledRejection
2023-09-23 20:40:21 ERR {
  "stack": "TypeError: Cannot read properties of undefined (reading 'file1')\n    at callrmt (C:\\modyfing\\apiprj\\jbbot\\zmng\\libBiz\\callweb.js:98:28)\n    at Layer.handle [as handle_request] (C:\\modyfing\\apiprj\\jbbot\\zmng\\node_modules\\express\\lib\\router\\layer.js:95:5)\n    at next (C:\\modyfing\\apiprj\\jbbot\\zmng\\node_modules\\express\\lib\\router\\route.js:144:13)\n    at Route.dispatch (C:\\modyfing\\apiprj\\jbbot\\zmng\\node_modules\\express\\lib\\router\\route.js:114:3)\n    at Layer.handle [as handle_request] (C:\\modyfing\\apiprj\\jbbot\\zmng\\node_modules\\express\\lib\\router\\layer.js:95:5)\n    at C:\\modyfing\\apiprj\\jbbot\\zmng\\node_modules\\express\\lib\\router\\index.js:284:15\n    at Function.process_params (C:\\modyfing\\apiprj\\jbbot\\zmng\\node_modules\\express\\lib\\router\\index.js:346:12)\n    at next (C:\\modyfing\\apiprj\\jbbot\\zmng\\node_modules\\express\\lib\\router\\index.js:280:10)\n    at cookieParser (C:\\modyfing\\apiprj\\jbbot\\zmng\\node_modules\\cookie-parser\\index.js:71:5)\n    at Layer.handle [as handle_request] (C:\\modyfing\\apiprj\\jbbot\\zmng\\node_modules\\express\\lib\\router\\layer.js:95:5)",
  "msg": "Cannot read properties of undefined (reading 'file1')"
}
2023-09-23 20:40:50 ERR unhandledRejection
2023-09-23 20:40:50 ERR {
  "stack": "TypeError: Cannot read properties of undefined (reading 'file1')\n    at callrmt (C:\\modyfing\\apiprj\\jbbot\\zmng\\libBiz\\callweb.js:98:28)\n    at Layer.handle [as handle_request] (C:\\modyfing\\apiprj\\jbbot\\zmng\\node_modules\\express\\lib\\router\\layer.js:95:5)\n    at next (C:\\modyfing\\apiprj\\jbbot\\zmng\\node_modules\\express\\lib\\router\\route.js:144:13)\n    at Route.dispatch (C:\\modyfing\\apiprj\\jbbot\\zmng\\node_modules\\express\\lib\\router\\route.js:114:3)\n    at Layer.handle [as handle_request] (C:\\modyfing\\apiprj\\jbbot\\zmng\\node_modules\\express\\lib\\router\\layer.js:95:5)\n    at C:\\modyfing\\apiprj\\jbbot\\zmng\\node_modules\\express\\lib\\router\\index.js:284:15\n    at Function.process_params (C:\\modyfing\\apiprj\\jbbot\\zmng\\node_modules\\express\\lib\\router\\index.js:346:12)\n    at next (C:\\modyfing\\apiprj\\jbbot\\zmng\\node_modules\\express\\lib\\router\\index.js:280:10)\n    at cookieParser (C:\\modyfing\\apiprj\\jbbot\\zmng\\node_modules\\cookie-parser\\index.js:71:5)\n    at Layer.handle [as handle_request] (C:\\modyfing\\apiprj\\jbbot\\zmng\\node_modules\\express\\lib\\router\\layer.js:95:5)",
  "msg": "Cannot read properties of undefined (reading 'file1')"
}
2023-09-23 20:41:52 ERR unhandledRejection
2023-09-23 20:41:52 ERR {
  "stack": "TypeError: Cannot read properties of undefined (reading 'file1')\n    at callrmt (C:\\modyfing\\apiprj\\jbbot\\zmng\\libBiz\\callweb.js:98:28)\n    at Layer.handle [as handle_request] (C:\\modyfing\\apiprj\\jbbot\\zmng\\node_modules\\express\\lib\\router\\layer.js:95:5)\n    at next (C:\\modyfing\\apiprj\\jbbot\\zmng\\node_modules\\express\\lib\\router\\route.js:144:13)\n    at Route.dispatch (C:\\modyfing\\apiprj\\jbbot\\zmng\\node_modules\\express\\lib\\router\\route.js:114:3)\n    at Layer.handle [as handle_request] (C:\\modyfing\\apiprj\\jbbot\\zmng\\node_modules\\express\\lib\\router\\layer.js:95:5)\n    at C:\\modyfing\\apiprj\\jbbot\\zmng\\node_modules\\express\\lib\\router\\index.js:284:15\n    at Function.process_params (C:\\modyfing\\apiprj\\jbbot\\zmng\\node_modules\\express\\lib\\router\\index.js:346:12)\n    at next (C:\\modyfing\\apiprj\\jbbot\\zmng\\node_modules\\express\\lib\\router\\index.js:280:10)\n    at cookieParser (C:\\modyfing\\apiprj\\jbbot\\zmng\\node_modules\\cookie-parser\\index.js:71:5)\n    at Layer.handle [as handle_request] (C:\\modyfing\\apiprj\\jbbot\\zmng\\node_modules\\express\\lib\\router\\layer.js:95:5)",
  "msg": "Cannot read properties of undefined (reading 'file1')"
}
2023-09-23 20:42:27 ERR unhandledRejection
2023-09-23 20:42:27 ERR {
  "stack": "TypeError: Cannot read properties of undefined (reading 'file1')\n    at callrmt (C:\\modyfing\\apiprj\\jbbot\\zmng\\libBiz\\callweb.js:98:28)\n    at Layer.handle [as handle_request] (C:\\modyfing\\apiprj\\jbbot\\zmng\\node_modules\\express\\lib\\router\\layer.js:95:5)\n    at next (C:\\modyfing\\apiprj\\jbbot\\zmng\\node_modules\\express\\lib\\router\\route.js:144:13)\n    at Route.dispatch (C:\\modyfing\\apiprj\\jbbot\\zmng\\node_modules\\express\\lib\\router\\route.js:114:3)\n    at Layer.handle [as handle_request] (C:\\modyfing\\apiprj\\jbbot\\zmng\\node_modules\\express\\lib\\router\\layer.js:95:5)\n    at C:\\modyfing\\apiprj\\jbbot\\zmng\\node_modules\\express\\lib\\router\\index.js:284:15\n    at Function.process_params (C:\\modyfing\\apiprj\\jbbot\\zmng\\node_modules\\express\\lib\\router\\index.js:346:12)\n    at next (C:\\modyfing\\apiprj\\jbbot\\zmng\\node_modules\\express\\lib\\router\\index.js:280:10)\n    at cookieParser (C:\\modyfing\\apiprj\\jbbot\\zmng\\node_modules\\cookie-parser\\index.js:71:5)\n    at Layer.handle [as handle_request] (C:\\modyfing\\apiprj\\jbbot\\zmng\\node_modules\\express\\lib\\router\\layer.js:95:5)",
  "msg": "Cannot read properties of undefined (reading 'file1')"
}
2023-09-23 20:42:38 ERR e at:importUser{"0":"importUser","1":[]}
2023-09-23 20:42:38 ERR {}
2023-09-23 20:42:38 ERR {
  "e": {
    "stack1": "ReferenceError: readExcelFromUploadFile is not defined\n    at String.importUser (C:\\modyfing\\apiprj\\jbbot\\zmng\\libBiz\\importUser.js:23:5)\n    at call_func (C:\\modyfing\\apiprj\\jbbot\\zmng\\libx\\ref.js:79:23)\n    at dsl_callFrmUiToBiz (C:\\modyfing\\apiprj\\jbbot\\zmng\\libx\\ref.js:39:20)\n    at callrmt (C:\\modyfing\\apiprj\\jbbot\\zmng\\libBiz\\callweb.js:130:29)\n    at Layer.handle [as handle_request] (C:\\modyfing\\apiprj\\jbbot\\zmng\\node_modules\\express\\lib\\router\\layer.js:95:5)\n    at next (C:\\modyfing\\apiprj\\jbbot\\zmng\\node_modules\\express\\lib\\router\\route.js:144:13)\n    at Route.dispatch (C:\\modyfing\\apiprj\\jbbot\\zmng\\node_modules\\express\\lib\\router\\route.js:114:3)\n    at Layer.handle [as handle_request] (C:\\modyfing\\apiprj\\jbbot\\zmng\\node_modules\\express\\lib\\router\\layer.js:95:5)\n    at C:\\modyfing\\apiprj\\jbbot\\zmng\\node_modules\\express\\lib\\router\\index.js:284:15\n    at Function.process_params (C:\\modyfing\\apiprj\\jbbot\\zmng\\node_modules\\express\\lib\\router\\index.js:346:12)",
    "msg1": "readExcelFromUploadFile is not defined"
  },
  "funNargs": "*********=>callrmt[]",
  "stack1": "ReferenceError: readExcelFromUploadFile is not defined\n    at String.importUser (C:\\modyfing\\apiprj\\jbbot\\zmng\\libBiz\\importUser.js:23:5)\n    at call_func (C:\\modyfing\\apiprj\\jbbot\\zmng\\libx\\ref.js:79:23)\n    at dsl_callFrmUiToBiz (C:\\modyfing\\apiprj\\jbbot\\zmng\\libx\\ref.js:39:20)\n    at callrmt (C:\\modyfing\\apiprj\\jbbot\\zmng\\libBiz\\callweb.js:130:29)\n    at Layer.handle [as handle_request] (C:\\modyfing\\apiprj\\jbbot\\zmng\\node_modules\\express\\lib\\router\\layer.js:95:5)\n    at next (C:\\modyfing\\apiprj\\jbbot\\zmng\\node_modules\\express\\lib\\router\\route.js:144:13)\n    at Route.dispatch (C:\\modyfing\\apiprj\\jbbot\\zmng\\node_modules\\express\\lib\\router\\route.js:114:3)\n    at Layer.handle [as handle_request] (C:\\modyfing\\apiprj\\jbbot\\zmng\\node_modules\\express\\lib\\router\\layer.js:95:5)\n    at C:\\modyfing\\apiprj\\jbbot\\zmng\\node_modules\\express\\lib\\router\\index.js:284:15\n    at Function.process_params (C:\\modyfing\\apiprj\\jbbot\\zmng\\node_modules\\express\\lib\\router\\index.js:346:12)",
  "msg": "readExcelFromUploadFile is not defined"
}
2023-09-23 20:44:16 ERR unhandledRejection
2023-09-23 20:44:16 ERR {
  "stack": "TypeError: Cannot read properties of undefined (reading 'file1')\n    at callrmt (C:\\modyfing\\apiprj\\jbbot\\zmng\\libBiz\\callweb.js:98:28)\n    at Layer.handle [as handle_request] (C:\\modyfing\\apiprj\\jbbot\\zmng\\node_modules\\express\\lib\\router\\layer.js:95:5)\n    at next (C:\\modyfing\\apiprj\\jbbot\\zmng\\node_modules\\express\\lib\\router\\route.js:144:13)\n    at Route.dispatch (C:\\modyfing\\apiprj\\jbbot\\zmng\\node_modules\\express\\lib\\router\\route.js:114:3)\n    at Layer.handle [as handle_request] (C:\\modyfing\\apiprj\\jbbot\\zmng\\node_modules\\express\\lib\\router\\layer.js:95:5)\n    at C:\\modyfing\\apiprj\\jbbot\\zmng\\node_modules\\express\\lib\\router\\index.js:284:15\n    at Function.process_params (C:\\modyfing\\apiprj\\jbbot\\zmng\\node_modules\\express\\lib\\router\\index.js:346:12)\n    at next (C:\\modyfing\\apiprj\\jbbot\\zmng\\node_modules\\express\\lib\\router\\index.js:280:10)\n    at cookieParser (C:\\modyfing\\apiprj\\jbbot\\zmng\\node_modules\\cookie-parser\\index.js:71:5)\n    at Layer.handle [as handle_request] (C:\\modyfing\\apiprj\\jbbot\\zmng\\node_modules\\express\\lib\\router\\layer.js:95:5)",
  "msg": "Cannot read properties of undefined (reading 'file1')"
}
2023-09-23 20:44:41 ERR e at:importUser{"0":"importUser","1":[]}
2023-09-23 20:44:41 ERR {}
2023-09-23 20:44:41 ERR {
  "e": {
    "stack1": "ReferenceError: t is not defined\n    at readExcelFromUploadFile (C:\\modyfing\\apiprj\\jbbot\\zmng\\libx\\file.js:119:5)\n    at String.importUser (C:\\modyfing\\apiprj\\jbbot\\zmng\\libBiz\\importUser.js:23:5)\n    at call_func (C:\\modyfing\\apiprj\\jbbot\\zmng\\libx\\ref.js:79:23)\n    at dsl_callFrmUiToBiz (C:\\modyfing\\apiprj\\jbbot\\zmng\\libx\\ref.js:39:20)\n    at callrmt (C:\\modyfing\\apiprj\\jbbot\\zmng\\libBiz\\callweb.js:130:29)\n    at Layer.handle [as handle_request] (C:\\modyfing\\apiprj\\jbbot\\zmng\\node_modules\\express\\lib\\router\\layer.js:95:5)\n    at next (C:\\modyfing\\apiprj\\jbbot\\zmng\\node_modules\\express\\lib\\router\\route.js:144:13)\n    at Route.dispatch (C:\\modyfing\\apiprj\\jbbot\\zmng\\node_modules\\express\\lib\\router\\route.js:114:3)\n    at Layer.handle [as handle_request] (C:\\modyfing\\apiprj\\jbbot\\zmng\\node_modules\\express\\lib\\router\\layer.js:95:5)\n    at C:\\modyfing\\apiprj\\jbbot\\zmng\\node_modules\\express\\lib\\router\\index.js:284:15",
    "msg1": "t is not defined"
  },
  "funNargs": "*********=>callrmt[]",
  "stack1": "ReferenceError: t is not defined\n    at readExcelFromUploadFile (C:\\modyfing\\apiprj\\jbbot\\zmng\\libx\\file.js:119:5)\n    at String.importUser (C:\\modyfing\\apiprj\\jbbot\\zmng\\libBiz\\importUser.js:23:5)\n    at call_func (C:\\modyfing\\apiprj\\jbbot\\zmng\\libx\\ref.js:79:23)\n    at dsl_callFrmUiToBiz (C:\\modyfing\\apiprj\\jbbot\\zmng\\libx\\ref.js:39:20)\n    at callrmt (C:\\modyfing\\apiprj\\jbbot\\zmng\\libBiz\\callweb.js:130:29)\n    at Layer.handle [as handle_request] (C:\\modyfing\\apiprj\\jbbot\\zmng\\node_modules\\express\\lib\\router\\layer.js:95:5)\n    at next (C:\\modyfing\\apiprj\\jbbot\\zmng\\node_modules\\express\\lib\\router\\route.js:144:13)\n    at Route.dispatch (C:\\modyfing\\apiprj\\jbbot\\zmng\\node_modules\\express\\lib\\router\\route.js:114:3)\n    at Layer.handle [as handle_request] (C:\\modyfing\\apiprj\\jbbot\\zmng\\node_modules\\express\\lib\\router\\layer.js:95:5)\n    at C:\\modyfing\\apiprj\\jbbot\\zmng\\node_modules\\express\\lib\\router\\index.js:284:15",
  "msg": "t is not defined"
}
2023-09-23 20:45:15 ERR unhandledRejection
2023-09-23 20:45:15 ERR {
  "stack": "TypeError: Cannot read properties of undefined (reading 'file1')\n    at callrmt (C:\\modyfing\\apiprj\\jbbot\\zmng\\libBiz\\callweb.js:98:28)\n    at Layer.handle [as handle_request] (C:\\modyfing\\apiprj\\jbbot\\zmng\\node_modules\\express\\lib\\router\\layer.js:95:5)\n    at next (C:\\modyfing\\apiprj\\jbbot\\zmng\\node_modules\\express\\lib\\router\\route.js:144:13)\n    at Route.dispatch (C:\\modyfing\\apiprj\\jbbot\\zmng\\node_modules\\express\\lib\\router\\route.js:114:3)\n    at Layer.handle [as handle_request] (C:\\modyfing\\apiprj\\jbbot\\zmng\\node_modules\\express\\lib\\router\\layer.js:95:5)\n    at C:\\modyfing\\apiprj\\jbbot\\zmng\\node_modules\\express\\lib\\router\\index.js:284:15\n    at Function.process_params (C:\\modyfing\\apiprj\\jbbot\\zmng\\node_modules\\express\\lib\\router\\index.js:346:12)\n    at next (C:\\modyfing\\apiprj\\jbbot\\zmng\\node_modules\\express\\lib\\router\\index.js:280:10)\n    at cookieParser (C:\\modyfing\\apiprj\\jbbot\\zmng\\node_modules\\cookie-parser\\index.js:71:5)\n    at Layer.handle [as handle_request] (C:\\modyfing\\apiprj\\jbbot\\zmng\\node_modules\\express\\lib\\router\\layer.js:95:5)",
  "msg": "Cannot read properties of undefined (reading 'file1')"
}
2023-09-23 20:45:29 ERR unhandledRejection
2023-09-23 20:45:29 ERR {
  "stack": "TypeError: Cannot read properties of undefined (reading 'file1')\n    at callrmt (C:\\modyfing\\apiprj\\jbbot\\zmng\\libBiz\\callweb.js:98:28)\n    at Layer.handle [as handle_request] (C:\\modyfing\\apiprj\\jbbot\\zmng\\node_modules\\express\\lib\\router\\layer.js:95:5)\n    at next (C:\\modyfing\\apiprj\\jbbot\\zmng\\node_modules\\express\\lib\\router\\route.js:144:13)\n    at Route.dispatch (C:\\modyfing\\apiprj\\jbbot\\zmng\\node_modules\\express\\lib\\router\\route.js:114:3)\n    at Layer.handle [as handle_request] (C:\\modyfing\\apiprj\\jbbot\\zmng\\node_modules\\express\\lib\\router\\layer.js:95:5)\n    at C:\\modyfing\\apiprj\\jbbot\\zmng\\node_modules\\express\\lib\\router\\index.js:284:15\n    at Function.process_params (C:\\modyfing\\apiprj\\jbbot\\zmng\\node_modules\\express\\lib\\router\\index.js:346:12)\n    at next (C:\\modyfing\\apiprj\\jbbot\\zmng\\node_modules\\express\\lib\\router\\index.js:280:10)\n    at cookieParser (C:\\modyfing\\apiprj\\jbbot\\zmng\\node_modules\\cookie-parser\\index.js:71:5)\n    at Layer.handle [as handle_request] (C:\\modyfing\\apiprj\\jbbot\\zmng\\node_modules\\express\\lib\\router\\layer.js:95:5)",
  "msg": "Cannot read properties of undefined (reading 'file1')"
}
2023-09-23 20:45:37 ERR e at:importUser{"0":"importUser","1":[]}
2023-09-23 20:45:37 ERR {}
2023-09-23 20:45:37 ERR {
  "e": {
    "stack1": "ReferenceError: t is not defined\n    at readExcelFromUploadFile (C:\\modyfing\\apiprj\\jbbot\\zmng\\libx\\file.js:121:5)\n    at String.importUser (C:\\modyfing\\apiprj\\jbbot\\zmng\\libBiz\\importUser.js:23:5)\n    at call_func (C:\\modyfing\\apiprj\\jbbot\\zmng\\libx\\ref.js:79:23)\n    at dsl_callFrmUiToBiz (C:\\modyfing\\apiprj\\jbbot\\zmng\\libx\\ref.js:39:20)\n    at callrmt (C:\\modyfing\\apiprj\\jbbot\\zmng\\libBiz\\callweb.js:130:29)\n    at Layer.handle [as handle_request] (C:\\modyfing\\apiprj\\jbbot\\zmng\\node_modules\\express\\lib\\router\\layer.js:95:5)\n    at next (C:\\modyfing\\apiprj\\jbbot\\zmng\\node_modules\\express\\lib\\router\\route.js:144:13)\n    at Route.dispatch (C:\\modyfing\\apiprj\\jbbot\\zmng\\node_modules\\express\\lib\\router\\route.js:114:3)\n    at Layer.handle [as handle_request] (C:\\modyfing\\apiprj\\jbbot\\zmng\\node_modules\\express\\lib\\router\\layer.js:95:5)\n    at C:\\modyfing\\apiprj\\jbbot\\zmng\\node_modules\\express\\lib\\router\\index.js:284:15",
    "msg1": "t is not defined"
  },
  "funNargs": "*********=>callrmt[]",
  "stack1": "ReferenceError: t is not defined\n    at readExcelFromUploadFile (C:\\modyfing\\apiprj\\jbbot\\zmng\\libx\\file.js:121:5)\n    at String.importUser (C:\\modyfing\\apiprj\\jbbot\\zmng\\libBiz\\importUser.js:23:5)\n    at call_func (C:\\modyfing\\apiprj\\jbbot\\zmng\\libx\\ref.js:79:23)\n    at dsl_callFrmUiToBiz (C:\\modyfing\\apiprj\\jbbot\\zmng\\libx\\ref.js:39:20)\n    at callrmt (C:\\modyfing\\apiprj\\jbbot\\zmng\\libBiz\\callweb.js:130:29)\n    at Layer.handle [as handle_request] (C:\\modyfing\\apiprj\\jbbot\\zmng\\node_modules\\express\\lib\\router\\layer.js:95:5)\n    at next (C:\\modyfing\\apiprj\\jbbot\\zmng\\node_modules\\express\\lib\\router\\route.js:144:13)\n    at Route.dispatch (C:\\modyfing\\apiprj\\jbbot\\zmng\\node_modules\\express\\lib\\router\\route.js:114:3)\n    at Layer.handle [as handle_request] (C:\\modyfing\\apiprj\\jbbot\\zmng\\node_modules\\express\\lib\\router\\layer.js:95:5)\n    at C:\\modyfing\\apiprj\\jbbot\\zmng\\node_modules\\express\\lib\\router\\index.js:284:15",
  "msg": "t is not defined"
}
2023-09-23 20:49:41 ERR unhandledRejection
2023-09-23 20:49:41 ERR {
  "stack": "TypeError: Cannot read properties of undefined (reading 'file1')\n    at callrmt (C:\\modyfing\\apiprj\\jbbot\\zmng\\libBiz\\callweb.js:98:28)\n    at Layer.handle [as handle_request] (C:\\modyfing\\apiprj\\jbbot\\zmng\\node_modules\\express\\lib\\router\\layer.js:95:5)\n    at next (C:\\modyfing\\apiprj\\jbbot\\zmng\\node_modules\\express\\lib\\router\\route.js:144:13)\n    at Route.dispatch (C:\\modyfing\\apiprj\\jbbot\\zmng\\node_modules\\express\\lib\\router\\route.js:114:3)\n    at Layer.handle [as handle_request] (C:\\modyfing\\apiprj\\jbbot\\zmng\\node_modules\\express\\lib\\router\\layer.js:95:5)\n    at C:\\modyfing\\apiprj\\jbbot\\zmng\\node_modules\\express\\lib\\router\\index.js:284:15\n    at Function.process_params (C:\\modyfing\\apiprj\\jbbot\\zmng\\node_modules\\express\\lib\\router\\index.js:346:12)\n    at next (C:\\modyfing\\apiprj\\jbbot\\zmng\\node_modules\\express\\lib\\router\\index.js:280:10)\n    at cookieParser (C:\\modyfing\\apiprj\\jbbot\\zmng\\node_modules\\cookie-parser\\index.js:71:5)\n    at Layer.handle [as handle_request] (C:\\modyfing\\apiprj\\jbbot\\zmng\\node_modules\\express\\lib\\router\\layer.js:95:5)",
  "msg": "Cannot read properties of undefined (reading 'file1')"
}
2023-09-23 20:55:58 ERR e at:searchPlayer{"0":"searchPlayer","1":[]}
2023-09-23 20:55:58 ERR {
  "errno": -4058,
  "syscall": "open",
  "code": "ENOENT",
  "path": "C:\\modyfing\\apiprj\\jbbot\\zmng\\libBiz/../db/111356//userColl.json"
}
2023-09-23 20:55:58 ERR {
  "e": {
    "errno": -4058,
    "syscall": "open",
    "code": "ENOENT",
    "path": "C:\\modyfing\\apiprj\\jbbot\\zmng\\libBiz/../db/111356//userColl.json",
    "stack1": "Error: ENOENT: no such file or directory, open 'C:\\modyfing\\apiprj\\jbbot\\zmng\\libBiz/../db/111356//userColl.json'\n    at Object.openSync (node:fs:593:3)\n    at readFileSync (node:fs:461:35)\n    at pdo_query (C:\\modyfing\\apiprj\\jbbot\\zmng\\libx\\db.js:23:15)\n    at searchPlayerAll (C:\\modyfing\\apiprj\\jbbot\\zmng\\libBiz\\searchPlayer.js:109:13)\n    at String.searchPlayer (C:\\modyfing\\apiprj\\jbbot\\zmng\\libBiz\\searchPlayer.js:125:17)\n    at call_func (C:\\modyfing\\apiprj\\jbbot\\zmng\\libx\\ref.js:79:23)\n    at dsl_callFrmUiToBiz (C:\\modyfing\\apiprj\\jbbot\\zmng\\libx\\ref.js:39:20)\n    at callrmt (C:\\modyfing\\apiprj\\jbbot\\zmng\\libBiz\\callweb.js:130:29)\n    at Layer.handle [as handle_request] (C:\\modyfing\\apiprj\\jbbot\\zmng\\node_modules\\express\\lib\\router\\layer.js:95:5)\n    at next (C:\\modyfing\\apiprj\\jbbot\\zmng\\node_modules\\express\\lib\\router\\route.js:144:13)",
    "msg1": "ENOENT: no such file or directory, open 'C:\\modyfing\\apiprj\\jbbot\\zmng\\libBiz/../db/111356//userColl.json'"
  },
  "funNargs": "*********=>callrmt[]",
  "stack1": "Error: ENOENT: no such file or directory, open 'C:\\modyfing\\apiprj\\jbbot\\zmng\\libBiz/../db/111356//userColl.json'\n    at Object.openSync (node:fs:593:3)\n    at readFileSync (node:fs:461:35)\n    at pdo_query (C:\\modyfing\\apiprj\\jbbot\\zmng\\libx\\db.js:23:15)\n    at searchPlayerAll (C:\\modyfing\\apiprj\\jbbot\\zmng\\libBiz\\searchPlayer.js:109:13)\n    at String.searchPlayer (C:\\modyfing\\apiprj\\jbbot\\zmng\\libBiz\\searchPlayer.js:125:17)\n    at call_func (C:\\modyfing\\apiprj\\jbbot\\zmng\\libx\\ref.js:79:23)\n    at dsl_callFrmUiToBiz (C:\\modyfing\\apiprj\\jbbot\\zmng\\libx\\ref.js:39:20)\n    at callrmt (C:\\modyfing\\apiprj\\jbbot\\zmng\\libBiz\\callweb.js:130:29)\n    at Layer.handle [as handle_request] (C:\\modyfing\\apiprj\\jbbot\\zmng\\node_modules\\express\\lib\\router\\layer.js:95:5)\n    at next (C:\\modyfing\\apiprj\\jbbot\\zmng\\node_modules\\express\\lib\\router\\route.js:144:13)",
  "msg": "ENOENT: no such file or directory, open 'C:\\modyfing\\apiprj\\jbbot\\zmng\\libBiz/../db/111356//userColl.json'"
}
2023-09-23 20:56:06 ERR e at:searchPlayer{"0":"searchPlayer","1":[]}
2023-09-23 20:56:06 ERR {
  "errno": -4058,
  "syscall": "open",
  "code": "ENOENT",
  "path": "C:\\modyfing\\apiprj\\jbbot\\zmng\\libBiz/../db/111356//userColl.json"
}
2023-09-23 20:56:06 ERR {
  "e": {
    "errno": -4058,
    "syscall": "open",
    "code": "ENOENT",
    "path": "C:\\modyfing\\apiprj\\jbbot\\zmng\\libBiz/../db/111356//userColl.json",
    "stack1": "Error: ENOENT: no such file or directory, open 'C:\\modyfing\\apiprj\\jbbot\\zmng\\libBiz/../db/111356//userColl.json'\n    at Object.openSync (node:fs:593:3)\n    at readFileSync (node:fs:461:35)\n    at pdo_query (C:\\modyfing\\apiprj\\jbbot\\zmng\\libx\\db.js:23:15)\n    at searchPlayerAll (C:\\modyfing\\apiprj\\jbbot\\zmng\\libBiz\\searchPlayer.js:109:13)\n    at String.searchPlayer (C:\\modyfing\\apiprj\\jbbot\\zmng\\libBiz\\searchPlayer.js:125:17)\n    at call_func (C:\\modyfing\\apiprj\\jbbot\\zmng\\libx\\ref.js:79:23)\n    at dsl_callFrmUiToBiz (C:\\modyfing\\apiprj\\jbbot\\zmng\\libx\\ref.js:39:20)\n    at callrmt (C:\\modyfing\\apiprj\\jbbot\\zmng\\libBiz\\callweb.js:130:29)\n    at Layer.handle [as handle_request] (C:\\modyfing\\apiprj\\jbbot\\zmng\\node_modules\\express\\lib\\router\\layer.js:95:5)\n    at next (C:\\modyfing\\apiprj\\jbbot\\zmng\\node_modules\\express\\lib\\router\\route.js:144:13)",
    "msg1": "ENOENT: no such file or directory, open 'C:\\modyfing\\apiprj\\jbbot\\zmng\\libBiz/../db/111356//userColl.json'"
  },
  "funNargs": "*********=>callrmt[]",
  "stack1": "Error: ENOENT: no such file or directory, open 'C:\\modyfing\\apiprj\\jbbot\\zmng\\libBiz/../db/111356//userColl.json'\n    at Object.openSync (node:fs:593:3)\n    at readFileSync (node:fs:461:35)\n    at pdo_query (C:\\modyfing\\apiprj\\jbbot\\zmng\\libx\\db.js:23:15)\n    at searchPlayerAll (C:\\modyfing\\apiprj\\jbbot\\zmng\\libBiz\\searchPlayer.js:109:13)\n    at String.searchPlayer (C:\\modyfing\\apiprj\\jbbot\\zmng\\libBiz\\searchPlayer.js:125:17)\n    at call_func (C:\\modyfing\\apiprj\\jbbot\\zmng\\libx\\ref.js:79:23)\n    at dsl_callFrmUiToBiz (C:\\modyfing\\apiprj\\jbbot\\zmng\\libx\\ref.js:39:20)\n    at callrmt (C:\\modyfing\\apiprj\\jbbot\\zmng\\libBiz\\callweb.js:130:29)\n    at Layer.handle [as handle_request] (C:\\modyfing\\apiprj\\jbbot\\zmng\\node_modules\\express\\lib\\router\\layer.js:95:5)\n    at next (C:\\modyfing\\apiprj\\jbbot\\zmng\\node_modules\\express\\lib\\router\\route.js:144:13)",
  "msg": "ENOENT: no such file or directory, open 'C:\\modyfing\\apiprj\\jbbot\\zmng\\libBiz/../db/111356//userColl.json'"
}
2023-09-23 20:56:07 ERR e at:searchPlayer{"0":"searchPlayer","1":[]}
2023-09-23 20:56:07 ERR {
  "errno": -4058,
  "syscall": "open",
  "code": "ENOENT",
  "path": "C:\\modyfing\\apiprj\\jbbot\\zmng\\libBiz/../db/111356//userColl.json"
}
2023-09-23 20:56:07 ERR {
  "e": {
    "errno": -4058,
    "syscall": "open",
    "code": "ENOENT",
    "path": "C:\\modyfing\\apiprj\\jbbot\\zmng\\libBiz/../db/111356//userColl.json",
    "stack1": "Error: ENOENT: no such file or directory, open 'C:\\modyfing\\apiprj\\jbbot\\zmng\\libBiz/../db/111356//userColl.json'\n    at Object.openSync (node:fs:593:3)\n    at readFileSync (node:fs:461:35)\n    at pdo_query (C:\\modyfing\\apiprj\\jbbot\\zmng\\libx\\db.js:23:15)\n    at searchPlayerAll (C:\\modyfing\\apiprj\\jbbot\\zmng\\libBiz\\searchPlayer.js:109:13)\n    at String.searchPlayer (C:\\modyfing\\apiprj\\jbbot\\zmng\\libBiz\\searchPlayer.js:125:17)\n    at call_func (C:\\modyfing\\apiprj\\jbbot\\zmng\\libx\\ref.js:79:23)\n    at dsl_callFrmUiToBiz (C:\\modyfing\\apiprj\\jbbot\\zmng\\libx\\ref.js:39:20)\n    at callrmt (C:\\modyfing\\apiprj\\jbbot\\zmng\\libBiz\\callweb.js:130:29)\n    at Layer.handle [as handle_request] (C:\\modyfing\\apiprj\\jbbot\\zmng\\node_modules\\express\\lib\\router\\layer.js:95:5)\n    at next (C:\\modyfing\\apiprj\\jbbot\\zmng\\node_modules\\express\\lib\\router\\route.js:144:13)",
    "msg1": "ENOENT: no such file or directory, open 'C:\\modyfing\\apiprj\\jbbot\\zmng\\libBiz/../db/111356//userColl.json'"
  },
  "funNargs": "*********=>callrmt[]",
  "stack1": "Error: ENOENT: no such file or directory, open 'C:\\modyfing\\apiprj\\jbbot\\zmng\\libBiz/../db/111356//userColl.json'\n    at Object.openSync (node:fs:593:3)\n    at readFileSync (node:fs:461:35)\n    at pdo_query (C:\\modyfing\\apiprj\\jbbot\\zmng\\libx\\db.js:23:15)\n    at searchPlayerAll (C:\\modyfing\\apiprj\\jbbot\\zmng\\libBiz\\searchPlayer.js:109:13)\n    at String.searchPlayer (C:\\modyfing\\apiprj\\jbbot\\zmng\\libBiz\\searchPlayer.js:125:17)\n    at call_func (C:\\modyfing\\apiprj\\jbbot\\zmng\\libx\\ref.js:79:23)\n    at dsl_callFrmUiToBiz (C:\\modyfing\\apiprj\\jbbot\\zmng\\libx\\ref.js:39:20)\n    at callrmt (C:\\modyfing\\apiprj\\jbbot\\zmng\\libBiz\\callweb.js:130:29)\n    at Layer.handle [as handle_request] (C:\\modyfing\\apiprj\\jbbot\\zmng\\node_modules\\express\\lib\\router\\layer.js:95:5)\n    at next (C:\\modyfing\\apiprj\\jbbot\\zmng\\node_modules\\express\\lib\\router\\route.js:144:13)",
  "msg": "ENOENT: no such file or directory, open 'C:\\modyfing\\apiprj\\jbbot\\zmng\\libBiz/../db/111356//userColl.json'"
}
2023-09-23 20:56:08 ERR e at:searchPlayer{"0":"searchPlayer","1":[]}
2023-09-23 20:56:08 ERR {
  "errno": -4058,
  "syscall": "open",
  "code": "ENOENT",
  "path": "C:\\modyfing\\apiprj\\jbbot\\zmng\\libBiz/../db/111356//userColl.json"
}
2023-09-23 20:56:08 ERR {
  "e": {
    "errno": -4058,
    "syscall": "open",
    "code": "ENOENT",
    "path": "C:\\modyfing\\apiprj\\jbbot\\zmng\\libBiz/../db/111356//userColl.json",
    "stack1": "Error: ENOENT: no such file or directory, open 'C:\\modyfing\\apiprj\\jbbot\\zmng\\libBiz/../db/111356//userColl.json'\n    at Object.openSync (node:fs:593:3)\n    at readFileSync (node:fs:461:35)\n    at pdo_query (C:\\modyfing\\apiprj\\jbbot\\zmng\\libx\\db.js:23:15)\n    at searchPlayerAll (C:\\modyfing\\apiprj\\jbbot\\zmng\\libBiz\\searchPlayer.js:109:13)\n    at String.searchPlayer (C:\\modyfing\\apiprj\\jbbot\\zmng\\libBiz\\searchPlayer.js:125:17)\n    at call_func (C:\\modyfing\\apiprj\\jbbot\\zmng\\libx\\ref.js:79:23)\n    at dsl_callFrmUiToBiz (C:\\modyfing\\apiprj\\jbbot\\zmng\\libx\\ref.js:39:20)\n    at callrmt (C:\\modyfing\\apiprj\\jbbot\\zmng\\libBiz\\callweb.js:130:29)\n    at Layer.handle [as handle_request] (C:\\modyfing\\apiprj\\jbbot\\zmng\\node_modules\\express\\lib\\router\\layer.js:95:5)\n    at next (C:\\modyfing\\apiprj\\jbbot\\zmng\\node_modules\\express\\lib\\router\\route.js:144:13)",
    "msg1": "ENOENT: no such file or directory, open 'C:\\modyfing\\apiprj\\jbbot\\zmng\\libBiz/../db/111356//userColl.json'"
  },
  "funNargs": "*********=>callrmt[]",
  "stack1": "Error: ENOENT: no such file or directory, open 'C:\\modyfing\\apiprj\\jbbot\\zmng\\libBiz/../db/111356//userColl.json'\n    at Object.openSync (node:fs:593:3)\n    at readFileSync (node:fs:461:35)\n    at pdo_query (C:\\modyfing\\apiprj\\jbbot\\zmng\\libx\\db.js:23:15)\n    at searchPlayerAll (C:\\modyfing\\apiprj\\jbbot\\zmng\\libBiz\\searchPlayer.js:109:13)\n    at String.searchPlayer (C:\\modyfing\\apiprj\\jbbot\\zmng\\libBiz\\searchPlayer.js:125:17)\n    at call_func (C:\\modyfing\\apiprj\\jbbot\\zmng\\libx\\ref.js:79:23)\n    at dsl_callFrmUiToBiz (C:\\modyfing\\apiprj\\jbbot\\zmng\\libx\\ref.js:39:20)\n    at callrmt (C:\\modyfing\\apiprj\\jbbot\\zmng\\libBiz\\callweb.js:130:29)\n    at Layer.handle [as handle_request] (C:\\modyfing\\apiprj\\jbbot\\zmng\\node_modules\\express\\lib\\router\\layer.js:95:5)\n    at next (C:\\modyfing\\apiprj\\jbbot\\zmng\\node_modules\\express\\lib\\router\\route.js:144:13)",
  "msg": "ENOENT: no such file or directory, open 'C:\\modyfing\\apiprj\\jbbot\\zmng\\libBiz/../db/111356//userColl.json'"
}
